<?xml version="1.0" encoding="UTF-8"?>
<robot generator="Robot 3.2.2 (Python 3.8.5 on win32)" generated="20201028 15:21:42.845" rpa="false">
<suite id="s1" name="RobotExpleoTimesheet" source="C:\Users\RDMD\eclipse-workspace\RobotExpleoTimesheet">
<suite id="s1-s1" name="Testcases" source="C:\Users\RDMD\eclipse-workspace\RobotExpleoTimesheet\Testcases">
<suite id="s1-s1-s1" name="Holidays" source="C:\Users\RDMD\eclipse-workspace\RobotExpleoTimesheet\Testcases\Holidays.robot">
<test id="s1-s1-s1-t1" name="LoginTest Holidays">
<kw name="Set Screenshot Directory" library="Selenium2Library" type="setup">
<doc>Sets the directory for captured screenshots.</doc>
<arguments>
<arg>${Path}</arg>
</arguments>
<status status="PASS" starttime="20201028 15:21:43.561" endtime="20201028 15:21:43.562"></status>
</kw>
<kw name="LoginTest Holidays">
<arguments>
<arg>lakshminarayanan.radhakrishnan@sqs.com</arg>
<arg>Ln$$Oct2020</arg>
</arguments>
<kw name="Create Directory" library="OperatingSystem">
<doc>Creates the specified directory.</doc>
<arguments>
<arg>C:/Users/RDMD/Desktop/RobotFrameworkScreenshots/${test name}</arg>
</arguments>
<msg timestamp="20201028 15:21:43.565" level="INFO" html="yes">Created directory '&lt;a href="file://C:\Users\RDMD\Desktop\RobotFrameworkScreenshots\LoginTest Holidays"&gt;C:\Users\RDMD\Desktop\RobotFrameworkScreenshots\LoginTest Holidays&lt;/a&gt;'.</msg>
<status status="PASS" starttime="20201028 15:21:43.564" endtime="20201028 15:21:43.566"></status>
</kw>
<kw name="Open Browser" library="Selenium2Library">
<doc>Opens a new browser instance to the optional ``url``.</doc>
<arguments>
<arg>${url}</arg>
<arg>${browser}</arg>
</arguments>
<msg timestamp="20201028 15:21:43.567" level="INFO">Opening browser 'chrome' to base url 'https://hourglass.esl-bfsi.com:8001/'.</msg>
<status status="PASS" starttime="20201028 15:21:43.566" endtime="20201028 15:21:49.751"></status>
</kw>
<kw name="Maximize Browser Window" library="Selenium2Library">
<doc>Maximizes current browser window.</doc>
<status status="PASS" starttime="20201028 15:21:49.752" endtime="20201028 15:21:51.928"></status>
</kw>
<kw name="Input Text" library="Selenium2Library">
<doc>Types the given ``text`` into the text field identified by ``locator``.</doc>
<arguments>
<arg>id=id_username</arg>
<arg>${username}</arg>
</arguments>
<msg timestamp="20201028 15:21:51.930" level="INFO">Typing text 'lakshminarayanan.radhakrishnan@sqs.com' into text field 'id=id_username'.</msg>
<status status="PASS" starttime="20201028 15:21:51.929" endtime="20201028 15:21:52.136"></status>
</kw>
<kw name="Input Password" library="Selenium2Library">
<doc>Types the given password into the text field identified by ``locator``.</doc>
<arguments>
<arg>id=id_password</arg>
<arg>${password}</arg>
</arguments>
<msg timestamp="20201028 15:21:52.139" level="INFO">Typing password into text field 'id=id_password'.</msg>
<msg timestamp="20201028 15:21:52.210" level="INFO">Temporally setting log level to: NONE</msg>
<msg timestamp="20201028 15:21:52.325" level="INFO">Log level changed from NONE to INFO.</msg>
<status status="PASS" starttime="20201028 15:21:52.138" endtime="20201028 15:21:52.326"></status>
</kw>
<kw name="Click Image" library="Selenium2Library">
<doc>Clicks an image identified by ``locator``.</doc>
<arguments>
<arg>/static/css/images/btn_go.png</arg>
</arguments>
<msg timestamp="20201028 15:21:52.328" level="INFO">Clicking image '/static/css/images/btn_go.png'.</msg>
<status status="PASS" starttime="20201028 15:21:52.327" endtime="20201028 15:21:53.766"></status>
</kw>
<kw name="${DailyDate} IN [ @{Holidays} ]" type="for">
<kw name="${DailyDate} = 19-Oct-2020" type="foritem">
<kw name="Log" library="BuiltIn">
<doc>Logs the given message with the given level.</doc>
<arguments>
<arg>${DailyDate}</arg>
</arguments>
<msg timestamp="20201028 15:21:53.769" level="INFO">19-Oct-2020</msg>
<status status="PASS" starttime="20201028 15:21:53.768" endtime="20201028 15:21:53.770"></status>
</kw>
<kw name="Sleep" library="BuiltIn">
<doc>Pauses the test executed for the given time.</doc>
<arguments>
<arg>2</arg>
</arguments>
<msg timestamp="20201028 15:21:55.777" level="INFO">Slept 2 seconds</msg>
<status status="PASS" starttime="20201028 15:21:53.772" endtime="20201028 15:21:55.778"></status>
</kw>
<kw name="Input Text" library="Selenium2Library">
<doc>Types the given ``text`` into the text field identified by ``locator``.</doc>
<arguments>
<arg>id=selected_date</arg>
<arg>${DailyDate}</arg>
</arguments>
<msg timestamp="20201028 15:21:55.780" level="INFO">Typing text '19-Oct-2020' into text field 'id=selected_date'.</msg>
<status status="PASS" starttime="20201028 15:21:55.779" endtime="20201028 15:21:56.142"></status>
</kw>
<kw name="Press Keys" library="Selenium2Library">
<doc>Simulates the user pressing key(s) to an element or on the active browser.</doc>
<arguments>
<arg>id=selected_date</arg>
<arg>ENTER</arg>
</arguments>
<msg timestamp="20201028 15:21:56.145" level="INFO">Sending key(s) ('ENTER',) to id=selected_date element.</msg>
<msg timestamp="20201028 15:21:56.488" level="INFO">Pressing special key ENTER to element.</msg>
<msg timestamp="20201028 15:21:56.489" level="INFO">Releasing special key ENTER.</msg>
<status status="PASS" starttime="20201028 15:21:56.143" endtime="20201028 15:21:57.513"></status>
</kw>
<kw name="Sleep" library="BuiltIn">
<doc>Pauses the test executed for the given time.</doc>
<arguments>
<arg>3</arg>
</arguments>
<msg timestamp="20201028 15:22:00.531" level="INFO">Slept 3 seconds</msg>
<status status="PASS" starttime="20201028 15:21:57.515" endtime="20201028 15:22:00.532"></status>
</kw>
<kw name="Select Checkbox" library="Selenium2Library">
<doc>Selects the checkbox identified by ``locator``.</doc>
<arguments>
<arg>leave${DailyDate}</arg>
</arguments>
<msg timestamp="20201028 15:22:00.534" level="INFO">Selecting checkbox 'leave19-Oct-2020'.</msg>
<status status="PASS" starttime="20201028 15:22:00.532" endtime="20201028 15:22:00.647"></status>
</kw>
<kw name="Sleep" library="BuiltIn">
<doc>Pauses the test executed for the given time.</doc>
<arguments>
<arg>1</arg>
</arguments>
<msg timestamp="20201028 15:22:01.660" level="INFO">Slept 1 second</msg>
<status status="PASS" starttime="20201028 15:22:00.648" endtime="20201028 15:22:01.661"></status>
</kw>
<kw name="Click Button" library="Selenium2Library">
<doc>Clicks the button identified by ``locator``.</doc>
<arguments>
<arg>Save</arg>
</arguments>
<msg timestamp="20201028 15:22:01.662" level="INFO">Clicking button 'Save'.</msg>
<status status="PASS" starttime="20201028 15:22:01.662" endtime="20201028 15:22:02.720"></status>
</kw>
<kw name="Sleep" library="BuiltIn">
<doc>Pauses the test executed for the given time.</doc>
<arguments>
<arg>1</arg>
</arguments>
<msg timestamp="20201028 15:22:03.723" level="INFO">Slept 1 second</msg>
<status status="PASS" starttime="20201028 15:22:02.721" endtime="20201028 15:22:03.723"></status>
</kw>
<kw name="Capture Page Screenshot" library="Selenium2Library">
<doc>Takes a screenshot of the current page and embeds it into a log file.</doc>
<arguments>
<arg>${test name}_${username}_${DailyDate}_save.png</arg>
</arguments>
<msg timestamp="20201028 15:22:04.062" level="INFO" html="yes">&lt;/td&gt;&lt;/tr&gt;&lt;tr&gt;&lt;td colspan="3"&gt;&lt;a href="../../Desktop/RobotFrameworkScreenshots/LoginTest%20Holidays/LoginTest%20Holidays_lakshminarayanan.radhakrishnan%40sqs.com_19-Oct-2020_save.png"&gt;&lt;img src="../../Desktop/RobotFrameworkScreenshots/LoginTest%20Holidays/LoginTest%20Holidays_lakshminarayanan.radhakrishnan%40sqs.com_19-Oct-2020_save.png" width="800px"&gt;&lt;/a&gt;</msg>
<status status="PASS" starttime="20201028 15:22:03.724" endtime="20201028 15:22:04.063"></status>
</kw>
<status status="PASS" starttime="20201028 15:21:53.767" endtime="20201028 15:22:04.064"></status>
</kw>
<kw name="${DailyDate} = 20-Oct-2020" type="foritem">
<kw name="Log" library="BuiltIn">
<doc>Logs the given message with the given level.</doc>
<arguments>
<arg>${DailyDate}</arg>
</arguments>
<msg timestamp="20201028 15:22:04.067" level="INFO">20-Oct-2020</msg>
<status status="PASS" starttime="20201028 15:22:04.066" endtime="20201028 15:22:04.068"></status>
</kw>
<kw name="Sleep" library="BuiltIn">
<doc>Pauses the test executed for the given time.</doc>
<arguments>
<arg>2</arg>
</arguments>
<msg timestamp="20201028 15:22:06.084" level="INFO">Slept 2 seconds</msg>
<status status="PASS" starttime="20201028 15:22:04.068" endtime="20201028 15:22:06.084"></status>
</kw>
<kw name="Input Text" library="Selenium2Library">
<doc>Types the given ``text`` into the text field identified by ``locator``.</doc>
<arguments>
<arg>id=selected_date</arg>
<arg>${DailyDate}</arg>
</arguments>
<msg timestamp="20201028 15:22:06.087" level="INFO">Typing text '20-Oct-2020' into text field 'id=selected_date'.</msg>
<status status="PASS" starttime="20201028 15:22:06.085" endtime="20201028 15:22:06.377"></status>
</kw>
<kw name="Press Keys" library="Selenium2Library">
<doc>Simulates the user pressing key(s) to an element or on the active browser.</doc>
<arguments>
<arg>id=selected_date</arg>
<arg>ENTER</arg>
</arguments>
<msg timestamp="20201028 15:22:06.378" level="INFO">Sending key(s) ('ENTER',) to id=selected_date element.</msg>
<msg timestamp="20201028 15:22:06.695" level="INFO">Pressing special key ENTER to element.</msg>
<msg timestamp="20201028 15:22:06.696" level="INFO">Releasing special key ENTER.</msg>
<status status="PASS" starttime="20201028 15:22:06.378" endtime="20201028 15:22:07.508"></status>
</kw>
<kw name="Sleep" library="BuiltIn">
<doc>Pauses the test executed for the given time.</doc>
<arguments>
<arg>3</arg>
</arguments>
<msg timestamp="20201028 15:22:10.524" level="INFO">Slept 3 seconds</msg>
<status status="PASS" starttime="20201028 15:22:07.509" endtime="20201028 15:22:10.525"></status>
</kw>
<kw name="Select Checkbox" library="Selenium2Library">
<doc>Selects the checkbox identified by ``locator``.</doc>
<arguments>
<arg>leave${DailyDate}</arg>
</arguments>
<msg timestamp="20201028 15:22:10.527" level="INFO">Selecting checkbox 'leave20-Oct-2020'.</msg>
<status status="PASS" starttime="20201028 15:22:10.525" endtime="20201028 15:22:10.680"></status>
</kw>
<kw name="Sleep" library="BuiltIn">
<doc>Pauses the test executed for the given time.</doc>
<arguments>
<arg>1</arg>
</arguments>
<msg timestamp="20201028 15:22:11.692" level="INFO">Slept 1 second</msg>
<status status="PASS" starttime="20201028 15:22:10.681" endtime="20201028 15:22:11.693"></status>
</kw>
<kw name="Click Button" library="Selenium2Library">
<doc>Clicks the button identified by ``locator``.</doc>
<arguments>
<arg>Save</arg>
</arguments>
<msg timestamp="20201028 15:22:11.694" level="INFO">Clicking button 'Save'.</msg>
<status status="PASS" starttime="20201028 15:22:11.693" endtime="20201028 15:22:12.567"></status>
</kw>
<kw name="Sleep" library="BuiltIn">
<doc>Pauses the test executed for the given time.</doc>
<arguments>
<arg>1</arg>
</arguments>
<msg timestamp="20201028 15:22:13.570" level="INFO">Slept 1 second</msg>
<status status="PASS" starttime="20201028 15:22:12.567" endtime="20201028 15:22:13.570"></status>
</kw>
<kw name="Capture Page Screenshot" library="Selenium2Library">
<doc>Takes a screenshot of the current page and embeds it into a log file.</doc>
<arguments>
<arg>${test name}_${username}_${DailyDate}_save.png</arg>
</arguments>
<msg timestamp="20201028 15:22:13.912" level="INFO" html="yes">&lt;/td&gt;&lt;/tr&gt;&lt;tr&gt;&lt;td colspan="3"&gt;&lt;a href="../../Desktop/RobotFrameworkScreenshots/LoginTest%20Holidays/LoginTest%20Holidays_lakshminarayanan.radhakrishnan%40sqs.com_20-Oct-2020_save.png"&gt;&lt;img src="../../Desktop/RobotFrameworkScreenshots/LoginTest%20Holidays/LoginTest%20Holidays_lakshminarayanan.radhakrishnan%40sqs.com_20-Oct-2020_save.png" width="800px"&gt;&lt;/a&gt;</msg>
<status status="PASS" starttime="20201028 15:22:13.571" endtime="20201028 15:22:13.913"></status>
</kw>
<status status="PASS" starttime="20201028 15:22:04.065" endtime="20201028 15:22:13.914"></status>
</kw>
<status status="PASS" starttime="20201028 15:21:53.767" endtime="20201028 15:22:13.914"></status>
</kw>
<kw name="Click Link" library="Selenium2Library">
<doc>Clicks a link identified by ``locator``.</doc>
<arguments>
<arg>/tsuser/logout/</arg>
</arguments>
<msg timestamp="20201028 15:22:13.916" level="INFO">Clicking link '/tsuser/logout/'.</msg>
<status status="PASS" starttime="20201028 15:22:13.915" endtime="20201028 15:22:14.219"></status>
</kw>
<kw name="Close Browser" library="Selenium2Library">
<doc>Closes the current browser.</doc>
<status status="PASS" starttime="20201028 15:22:14.220" endtime="20201028 15:22:16.901"></status>
</kw>
<status status="PASS" starttime="20201028 15:21:43.563" endtime="20201028 15:22:16.902"></status>
</kw>
<kw name="LoginTest Holidays">
<arguments>
<arg>supraja.ramanujam@sqs.com</arg>
<arg>Suprithi2716</arg>
</arguments>
<kw name="Create Directory" library="OperatingSystem">
<doc>Creates the specified directory.</doc>
<arguments>
<arg>C:/Users/RDMD/Desktop/RobotFrameworkScreenshots/${test name}</arg>
</arguments>
<msg timestamp="20201028 15:22:16.905" level="INFO" html="yes">Directory '&lt;a href="file://C:\Users\RDMD\Desktop\RobotFrameworkScreenshots\LoginTest Holidays"&gt;C:\Users\RDMD\Desktop\RobotFrameworkScreenshots\LoginTest Holidays&lt;/a&gt;' already exists.</msg>
<status status="PASS" starttime="20201028 15:22:16.904" endtime="20201028 15:22:16.906"></status>
</kw>
<kw name="Open Browser" library="Selenium2Library">
<doc>Opens a new browser instance to the optional ``url``.</doc>
<arguments>
<arg>${url}</arg>
<arg>${browser}</arg>
</arguments>
<msg timestamp="20201028 15:22:16.907" level="INFO">Opening browser 'chrome' to base url 'https://hourglass.esl-bfsi.com:8001/'.</msg>
<status status="PASS" starttime="20201028 15:22:16.906" endtime="20201028 15:22:21.484"></status>
</kw>
<kw name="Maximize Browser Window" library="Selenium2Library">
<doc>Maximizes current browser window.</doc>
<status status="PASS" starttime="20201028 15:22:21.485" endtime="20201028 15:22:23.656"></status>
</kw>
<kw name="Input Text" library="Selenium2Library">
<doc>Types the given ``text`` into the text field identified by ``locator``.</doc>
<arguments>
<arg>id=id_username</arg>
<arg>${username}</arg>
</arguments>
<msg timestamp="20201028 15:22:23.658" level="INFO">Typing text 'supraja.ramanujam@sqs.com' into text field 'id=id_username'.</msg>
<status status="PASS" starttime="20201028 15:22:23.657" endtime="20201028 15:22:23.840"></status>
</kw>
<kw name="Input Password" library="Selenium2Library">
<doc>Types the given password into the text field identified by ``locator``.</doc>
<arguments>
<arg>id=id_password</arg>
<arg>${password}</arg>
</arguments>
<msg timestamp="20201028 15:22:23.843" level="INFO">Typing password into text field 'id=id_password'.</msg>
<msg timestamp="20201028 15:22:23.925" level="INFO">Temporally setting log level to: NONE</msg>
<msg timestamp="20201028 15:22:24.030" level="INFO">Log level changed from NONE to INFO.</msg>
<status status="PASS" starttime="20201028 15:22:23.841" endtime="20201028 15:22:24.031"></status>
</kw>
<kw name="Click Image" library="Selenium2Library">
<doc>Clicks an image identified by ``locator``.</doc>
<arguments>
<arg>/static/css/images/btn_go.png</arg>
</arguments>
<msg timestamp="20201028 15:22:24.033" level="INFO">Clicking image '/static/css/images/btn_go.png'.</msg>
<status status="PASS" starttime="20201028 15:22:24.032" endtime="20201028 15:22:30.168"></status>
</kw>
<kw name="${DailyDate} IN [ @{Holidays} ]" type="for">
<kw name="${DailyDate} = 19-Oct-2020" type="foritem">
<kw name="Log" library="BuiltIn">
<doc>Logs the given message with the given level.</doc>
<arguments>
<arg>${DailyDate}</arg>
</arguments>
<msg timestamp="20201028 15:22:30.173" level="INFO">19-Oct-2020</msg>
<status status="PASS" starttime="20201028 15:22:30.172" endtime="20201028 15:22:30.174"></status>
</kw>
<kw name="Sleep" library="BuiltIn">
<doc>Pauses the test executed for the given time.</doc>
<arguments>
<arg>2</arg>
</arguments>
<msg timestamp="20201028 15:22:32.190" level="INFO">Slept 2 seconds</msg>
<status status="PASS" starttime="20201028 15:22:30.174" endtime="20201028 15:22:32.191"></status>
</kw>
<kw name="Input Text" library="Selenium2Library">
<doc>Types the given ``text`` into the text field identified by ``locator``.</doc>
<arguments>
<arg>id=selected_date</arg>
<arg>${DailyDate}</arg>
</arguments>
<msg timestamp="20201028 15:22:32.194" level="INFO">Typing text '19-Oct-2020' into text field 'id=selected_date'.</msg>
<status status="PASS" starttime="20201028 15:22:32.192" endtime="20201028 15:22:32.581"></status>
</kw>
<kw name="Press Keys" library="Selenium2Library">
<doc>Simulates the user pressing key(s) to an element or on the active browser.</doc>
<arguments>
<arg>id=selected_date</arg>
<arg>ENTER</arg>
</arguments>
<msg timestamp="20201028 15:22:32.583" level="INFO">Sending key(s) ('ENTER',) to id=selected_date element.</msg>
<msg timestamp="20201028 15:22:32.954" level="INFO">Pressing special key ENTER to element.</msg>
<msg timestamp="20201028 15:22:32.954" level="INFO">Releasing special key ENTER.</msg>
<status status="PASS" starttime="20201028 15:22:32.581" endtime="20201028 15:22:33.836"></status>
</kw>
<kw name="Sleep" library="BuiltIn">
<doc>Pauses the test executed for the given time.</doc>
<arguments>
<arg>3</arg>
</arguments>
<msg timestamp="20201028 15:22:36.841" level="INFO">Slept 3 seconds</msg>
<status status="PASS" starttime="20201028 15:22:33.837" endtime="20201028 15:22:36.841"></status>
</kw>
<kw name="Select Checkbox" library="Selenium2Library">
<doc>Selects the checkbox identified by ``locator``.</doc>
<arguments>
<arg>leave${DailyDate}</arg>
</arguments>
<msg timestamp="20201028 15:22:36.843" level="INFO">Selecting checkbox 'leave19-Oct-2020'.</msg>
<status status="PASS" starttime="20201028 15:22:36.842" endtime="20201028 15:22:36.948"></status>
</kw>
<kw name="Sleep" library="BuiltIn">
<doc>Pauses the test executed for the given time.</doc>
<arguments>
<arg>1</arg>
</arguments>
<msg timestamp="20201028 15:22:37.953" level="INFO">Slept 1 second</msg>
<status status="PASS" starttime="20201028 15:22:36.949" endtime="20201028 15:22:37.954"></status>
</kw>
<kw name="Click Button" library="Selenium2Library">
<doc>Clicks the button identified by ``locator``.</doc>
<arguments>
<arg>Save</arg>
</arguments>
<msg timestamp="20201028 15:22:37.955" level="INFO">Clicking button 'Save'.</msg>
<status status="PASS" starttime="20201028 15:22:37.954" endtime="20201028 15:22:38.825"></status>
</kw>
<kw name="Sleep" library="BuiltIn">
<doc>Pauses the test executed for the given time.</doc>
<arguments>
<arg>1</arg>
</arguments>
<msg timestamp="20201028 15:22:39.830" level="INFO">Slept 1 second</msg>
<status status="PASS" starttime="20201028 15:22:38.826" endtime="20201028 15:22:39.830"></status>
</kw>
<kw name="Capture Page Screenshot" library="Selenium2Library">
<doc>Takes a screenshot of the current page and embeds it into a log file.</doc>
<arguments>
<arg>${test name}_${username}_${DailyDate}_save.png</arg>
</arguments>
<msg timestamp="20201028 15:22:40.163" level="INFO" html="yes">&lt;/td&gt;&lt;/tr&gt;&lt;tr&gt;&lt;td colspan="3"&gt;&lt;a href="../../Desktop/RobotFrameworkScreenshots/LoginTest%20Holidays/LoginTest%20Holidays_supraja.ramanujam%40sqs.com_19-Oct-2020_save.png"&gt;&lt;img src="../../Desktop/RobotFrameworkScreenshots/LoginTest%20Holidays/LoginTest%20Holidays_supraja.ramanujam%40sqs.com_19-Oct-2020_save.png" width="800px"&gt;&lt;/a&gt;</msg>
<status status="PASS" starttime="20201028 15:22:39.831" endtime="20201028 15:22:40.164"></status>
</kw>
<status status="PASS" starttime="20201028 15:22:30.171" endtime="20201028 15:22:40.164"></status>
</kw>
<kw name="${DailyDate} = 20-Oct-2020" type="foritem">
<kw name="Log" library="BuiltIn">
<doc>Logs the given message with the given level.</doc>
<arguments>
<arg>${DailyDate}</arg>
</arguments>
<msg timestamp="20201028 15:22:40.167" level="INFO">20-Oct-2020</msg>
<status status="PASS" starttime="20201028 15:22:40.166" endtime="20201028 15:22:40.167"></status>
</kw>
<kw name="Sleep" library="BuiltIn">
<doc>Pauses the test executed for the given time.</doc>
<arguments>
<arg>2</arg>
</arguments>
<msg timestamp="20201028 15:22:42.180" level="INFO">Slept 2 seconds</msg>
<status status="PASS" starttime="20201028 15:22:40.168" endtime="20201028 15:22:42.181"></status>
</kw>
<kw name="Input Text" library="Selenium2Library">
<doc>Types the given ``text`` into the text field identified by ``locator``.</doc>
<arguments>
<arg>id=selected_date</arg>
<arg>${DailyDate}</arg>
</arguments>
<msg timestamp="20201028 15:22:42.185" level="INFO">Typing text '20-Oct-2020' into text field 'id=selected_date'.</msg>
<status status="PASS" starttime="20201028 15:22:42.182" endtime="20201028 15:22:42.463"></status>
</kw>
<kw name="Press Keys" library="Selenium2Library">
<doc>Simulates the user pressing key(s) to an element or on the active browser.</doc>
<arguments>
<arg>id=selected_date</arg>
<arg>ENTER</arg>
</arguments>
<msg timestamp="20201028 15:22:42.466" level="INFO">Sending key(s) ('ENTER',) to id=selected_date element.</msg>
<msg timestamp="20201028 15:22:42.771" level="INFO">Pressing special key ENTER to element.</msg>
<msg timestamp="20201028 15:22:42.771" level="INFO">Releasing special key ENTER.</msg>
<status status="PASS" starttime="20201028 15:22:42.464" endtime="20201028 15:22:43.545"></status>
</kw>
<kw name="Sleep" library="BuiltIn">
<doc>Pauses the test executed for the given time.</doc>
<arguments>
<arg>3</arg>
</arguments>
<msg timestamp="20201028 15:22:46.553" level="INFO">Slept 3 seconds</msg>
<status status="PASS" starttime="20201028 15:22:43.546" endtime="20201028 15:22:46.554"></status>
</kw>
<kw name="Select Checkbox" library="Selenium2Library">
<doc>Selects the checkbox identified by ``locator``.</doc>
<arguments>
<arg>leave${DailyDate}</arg>
</arguments>
<msg timestamp="20201028 15:22:46.556" level="INFO">Selecting checkbox 'leave20-Oct-2020'.</msg>
<status status="PASS" starttime="20201028 15:22:46.555" endtime="20201028 15:22:46.674"></status>
</kw>
<kw name="Sleep" library="BuiltIn">
<doc>Pauses the test executed for the given time.</doc>
<arguments>
<arg>1</arg>
</arguments>
<msg timestamp="20201028 15:22:47.678" level="INFO">Slept 1 second</msg>
<status status="PASS" starttime="20201028 15:22:46.674" endtime="20201028 15:22:47.681"></status>
</kw>
<kw name="Click Button" library="Selenium2Library">
<doc>Clicks the button identified by ``locator``.</doc>
<arguments>
<arg>Save</arg>
</arguments>
<msg timestamp="20201028 15:22:47.684" level="INFO">Clicking button 'Save'.</msg>
<status status="PASS" starttime="20201028 15:22:47.683" endtime="20201028 15:22:48.534"></status>
</kw>
<kw name="Sleep" library="BuiltIn">
<doc>Pauses the test executed for the given time.</doc>
<arguments>
<arg>1</arg>
</arguments>
<msg timestamp="20201028 15:22:49.535" level="INFO">Slept 1 second</msg>
<status status="PASS" starttime="20201028 15:22:48.535" endtime="20201028 15:22:49.536"></status>
</kw>
<kw name="Capture Page Screenshot" library="Selenium2Library">
<doc>Takes a screenshot of the current page and embeds it into a log file.</doc>
<arguments>
<arg>${test name}_${username}_${DailyDate}_save.png</arg>
</arguments>
<msg timestamp="20201028 15:22:49.883" level="INFO" html="yes">&lt;/td&gt;&lt;/tr&gt;&lt;tr&gt;&lt;td colspan="3"&gt;&lt;a href="../../Desktop/RobotFrameworkScreenshots/LoginTest%20Holidays/LoginTest%20Holidays_supraja.ramanujam%40sqs.com_20-Oct-2020_save.png"&gt;&lt;img src="../../Desktop/RobotFrameworkScreenshots/LoginTest%20Holidays/LoginTest%20Holidays_supraja.ramanujam%40sqs.com_20-Oct-2020_save.png" width="800px"&gt;&lt;/a&gt;</msg>
<status status="PASS" starttime="20201028 15:22:49.538" endtime="20201028 15:22:49.884"></status>
</kw>
<status status="PASS" starttime="20201028 15:22:40.165" endtime="20201028 15:22:49.884"></status>
</kw>
<status status="PASS" starttime="20201028 15:22:30.168" endtime="20201028 15:22:49.885"></status>
</kw>
<kw name="Click Link" library="Selenium2Library">
<doc>Clicks a link identified by ``locator``.</doc>
<arguments>
<arg>/tsuser/logout/</arg>
</arguments>
<msg timestamp="20201028 15:22:49.887" level="INFO">Clicking link '/tsuser/logout/'.</msg>
<status status="PASS" starttime="20201028 15:22:49.886" endtime="20201028 15:22:50.235"></status>
</kw>
<kw name="Close Browser" library="Selenium2Library">
<doc>Closes the current browser.</doc>
<status status="PASS" starttime="20201028 15:22:50.235" endtime="20201028 15:22:52.805"></status>
</kw>
<status status="PASS" starttime="20201028 15:22:16.902" endtime="20201028 15:22:52.806"></status>
</kw>
<status status="PASS" starttime="20201028 15:21:43.559" endtime="20201028 15:22:52.808" critical="yes"></status>
</test>
<status status="PASS" starttime="20201028 15:21:43.037" endtime="20201028 15:22:52.812"></status>
</suite>
<suite id="s1-s1-s2" name="TG1791WorkingDaysProjectTask" source="C:\Users\RDMD\eclipse-workspace\RobotExpleoTimesheet\Testcases\TG1791WorkingDaysProjectTask.robot">
<test id="s1-s1-s2-t1" name="LoginTest WorkingDays">
<kw name="Set Screenshot Directory" library="Selenium2Library" type="setup">
<doc>Sets the directory for captured screenshots.</doc>
<arguments>
<arg>${Path}</arg>
</arguments>
<status status="PASS" starttime="20201028 15:22:52.837" endtime="20201028 15:22:52.838"></status>
</kw>
<kw name="LoginTest WorkingDays">
<arguments>
<arg>lakshminarayanan.radhakrishnan@sqs.com</arg>
<arg>Ln$$Oct2020</arg>
</arguments>
<kw name="Create Directory" library="OperatingSystem">
<doc>Creates the specified directory.</doc>
<arguments>
<arg>C:/Users/RDMD/Desktop/RobotFrameworkScreenshots/${test name}</arg>
</arguments>
<msg timestamp="20201028 15:22:52.841" level="INFO" html="yes">Created directory '&lt;a href="file://C:\Users\RDMD\Desktop\RobotFrameworkScreenshots\LoginTest WorkingDays"&gt;C:\Users\RDMD\Desktop\RobotFrameworkScreenshots\LoginTest WorkingDays&lt;/a&gt;'.</msg>
<status status="PASS" starttime="20201028 15:22:52.840" endtime="20201028 15:22:52.842"></status>
</kw>
<kw name="Open Browser" library="Selenium2Library">
<doc>Opens a new browser instance to the optional ``url``.</doc>
<arguments>
<arg>${url}</arg>
<arg>${browser}</arg>
</arguments>
<msg timestamp="20201028 15:22:52.844" level="INFO">Opening browser 'chrome' to base url 'https://hourglass.esl-bfsi.com:8001/'.</msg>
<status status="PASS" starttime="20201028 15:22:52.843" endtime="20201028 15:22:56.500"></status>
</kw>
<kw name="Maximize Browser Window" library="Selenium2Library">
<doc>Maximizes current browser window.</doc>
<status status="PASS" starttime="20201028 15:22:56.501" endtime="20201028 15:22:58.668"></status>
</kw>
<kw name="Get Window Titles" library="Selenium2Library">
<doc>Returns and logs titles of all windows of the selected browser.</doc>
<assign>
<var>${title_var}</var>
</assign>
<msg timestamp="20201028 15:22:58.716" level="INFO">Altogether 1 item.
1: SQS India BFSI Limited Login</msg>
<msg timestamp="20201028 15:22:58.716" level="INFO">${title_var} = ['SQS India BFSI Limited Login']</msg>
<status status="PASS" starttime="20201028 15:22:58.669" endtime="20201028 15:22:58.717"></status>
</kw>
<kw name="Input Text" library="Selenium2Library">
<doc>Types the given ``text`` into the text field identified by ``locator``.</doc>
<arguments>
<arg>id=id_username</arg>
<arg>${username}</arg>
</arguments>
<msg timestamp="20201028 15:22:58.718" level="INFO">Typing text 'lakshminarayanan.radhakrishnan@sqs.com' into text field 'id=id_username'.</msg>
<status status="PASS" starttime="20201028 15:22:58.717" endtime="20201028 15:22:58.926"></status>
</kw>
<kw name="Input Password" library="Selenium2Library">
<doc>Types the given password into the text field identified by ``locator``.</doc>
<arguments>
<arg>id=id_password</arg>
<arg>${password}</arg>
</arguments>
<msg timestamp="20201028 15:22:58.929" level="INFO">Typing password into text field 'id=id_password'.</msg>
<msg timestamp="20201028 15:22:59.008" level="INFO">Temporally setting log level to: NONE</msg>
<msg timestamp="20201028 15:22:59.113" level="INFO">Log level changed from NONE to INFO.</msg>
<status status="PASS" starttime="20201028 15:22:58.927" endtime="20201028 15:22:59.113"></status>
</kw>
<kw name="Click Image" library="Selenium2Library">
<doc>Clicks an image identified by ``locator``.</doc>
<arguments>
<arg>/static/css/images/btn_go.png</arg>
</arguments>
<msg timestamp="20201028 15:22:59.115" level="INFO">Clicking image '/static/css/images/btn_go.png'.</msg>
<status status="PASS" starttime="20201028 15:22:59.114" endtime="20201028 15:23:00.450"></status>
</kw>
<kw name="${DailyDate} IN [ @{workingdays} ]" type="for">
<kw name="${DailyDate} = 21-Oct-2020" type="foritem">
<kw name="Log" library="BuiltIn">
<doc>Logs the given message with the given level.</doc>
<arguments>
<arg>${DailyDate}</arg>
</arguments>
<msg timestamp="20201028 15:23:00.454" level="INFO">21-Oct-2020</msg>
<status status="PASS" starttime="20201028 15:23:00.452" endtime="20201028 15:23:00.454"></status>
</kw>
<kw name="Sleep" library="BuiltIn">
<doc>Pauses the test executed for the given time.</doc>
<arguments>
<arg>2</arg>
</arguments>
<msg timestamp="20201028 15:23:02.461" level="INFO">Slept 2 seconds</msg>
<status status="PASS" starttime="20201028 15:23:00.455" endtime="20201028 15:23:02.462"></status>
</kw>
<kw name="Input Text" library="Selenium2Library">
<doc>Types the given ``text`` into the text field identified by ``locator``.</doc>
<arguments>
<arg>id=selected_date</arg>
<arg>${DailyDate}</arg>
</arguments>
<msg timestamp="20201028 15:23:02.464" level="INFO">Typing text '21-Oct-2020' into text field 'id=selected_date'.</msg>
<status status="PASS" starttime="20201028 15:23:02.463" endtime="20201028 15:23:02.845"></status>
</kw>
<kw name="Sleep" library="BuiltIn">
<doc>Pauses the test executed for the given time.</doc>
<arguments>
<arg>1</arg>
</arguments>
<msg timestamp="20201028 15:23:03.860" level="INFO">Slept 1 second</msg>
<status status="PASS" starttime="20201028 15:23:02.846" endtime="20201028 15:23:03.861"></status>
</kw>
<kw name="Press Keys" library="Selenium2Library">
<doc>Simulates the user pressing key(s) to an element or on the active browser.</doc>
<arguments>
<arg>id=selected_date</arg>
<arg>ENTER</arg>
</arguments>
<msg timestamp="20201028 15:23:03.862" level="INFO">Sending key(s) ('ENTER',) to id=selected_date element.</msg>
<msg timestamp="20201028 15:23:04.154" level="INFO">Pressing special key ENTER to element.</msg>
<msg timestamp="20201028 15:23:04.155" level="INFO">Releasing special key ENTER.</msg>
<status status="PASS" starttime="20201028 15:23:03.861" endtime="20201028 15:23:05.098"></status>
</kw>
<kw name="Sleep" library="BuiltIn">
<doc>Pauses the test executed for the given time.</doc>
<arguments>
<arg>3</arg>
</arguments>
<msg timestamp="20201028 15:23:08.116" level="INFO">Slept 3 seconds</msg>
<status status="PASS" starttime="20201028 15:23:05.099" endtime="20201028 15:23:08.117"></status>
</kw>
<kw name="Click Image" library="Selenium2Library">
<doc>Clicks an image identified by ``locator``.</doc>
<arguments>
<arg>/static/css/images/icon_addlink.gif</arg>
</arguments>
<msg timestamp="20201028 15:23:08.121" level="INFO">Clicking image '/static/css/images/icon_addlink.gif'.</msg>
<status status="PASS" starttime="20201028 15:23:08.119" endtime="20201028 15:23:08.875"></status>
</kw>
<kw name="Click Button" library="Selenium2Library">
<doc>Clicks the button identified by ``locator``.</doc>
<arguments>
<arg>id=dproject_task</arg>
</arguments>
<msg timestamp="20201028 15:23:08.877" level="INFO">Clicking button 'id=dproject_task'.</msg>
<status status="PASS" starttime="20201028 15:23:08.876" endtime="20201028 15:23:09.001"></status>
</kw>
<kw name="Sleep" library="BuiltIn">
<doc>Pauses the test executed for the given time.</doc>
<arguments>
<arg>2</arg>
</arguments>
<msg timestamp="20201028 15:23:11.013" level="INFO">Slept 2 seconds</msg>
<status status="PASS" starttime="20201028 15:23:09.002" endtime="20201028 15:23:11.014"></status>
</kw>
<kw name="Select Checkbox" library="Selenium2Library">
<doc>Selects the checkbox identified by ``locator``.</doc>
<arguments>
<arg>project2</arg>
</arguments>
<msg timestamp="20201028 15:23:11.018" level="INFO">Selecting checkbox 'project2'.</msg>
<status status="PASS" starttime="20201028 15:23:11.015" endtime="20201028 15:23:11.128"></status>
</kw>
<kw name="Select Checkbox" library="Selenium2Library">
<doc>Selects the checkbox identified by ``locator``.</doc>
<arguments>
<arg>project4</arg>
</arguments>
<msg timestamp="20201028 15:23:11.130" level="INFO">Selecting checkbox 'project4'.</msg>
<status status="PASS" starttime="20201028 15:23:11.129" endtime="20201028 15:23:11.236"></status>
</kw>
<kw name="Select Checkbox" library="Selenium2Library">
<doc>Selects the checkbox identified by ``locator``.</doc>
<arguments>
<arg>project7</arg>
</arguments>
<msg timestamp="20201028 15:23:11.237" level="INFO">Selecting checkbox 'project7'.</msg>
<status status="PASS" starttime="20201028 15:23:11.236" endtime="20201028 15:23:11.339"></status>
</kw>
<kw name="Select Checkbox" library="Selenium2Library">
<doc>Selects the checkbox identified by ``locator``.</doc>
<arguments>
<arg>project8</arg>
</arguments>
<msg timestamp="20201028 15:23:11.340" level="INFO">Selecting checkbox 'project8'.</msg>
<status status="PASS" starttime="20201028 15:23:11.340" endtime="20201028 15:23:11.445"></status>
</kw>
<kw name="Sleep" library="BuiltIn">
<doc>Pauses the test executed for the given time.</doc>
<arguments>
<arg>1</arg>
</arguments>
<msg timestamp="20201028 15:23:12.450" level="INFO">Slept 1 second</msg>
<status status="PASS" starttime="20201028 15:23:11.445" endtime="20201028 15:23:12.450"></status>
</kw>
<kw name="Click Button" library="Selenium2Library">
<doc>Clicks the button identified by ``locator``.</doc>
<arguments>
<arg>Ok</arg>
</arguments>
<msg timestamp="20201028 15:23:12.452" level="INFO">Clicking button 'Ok'.</msg>
<status status="PASS" starttime="20201028 15:23:12.451" endtime="20201028 15:23:12.668"></status>
</kw>
<kw name="Click Button" library="Selenium2Library">
<doc>Clicks the button identified by ``locator``.</doc>
<arguments>
<arg>effort_time${DailyDate}1</arg>
</arguments>
<msg timestamp="20201028 15:23:12.670" level="INFO">Clicking button 'effort_time21-Oct-20201'.</msg>
<status status="PASS" starttime="20201028 15:23:12.669" endtime="20201028 15:23:12.804"></status>
</kw>
<kw name="Sleep" library="BuiltIn">
<doc>Pauses the test executed for the given time.</doc>
<arguments>
<arg>1</arg>
</arguments>
<msg timestamp="20201028 15:23:13.807" level="INFO">Slept 1 second</msg>
<status status="PASS" starttime="20201028 15:23:12.805" endtime="20201028 15:23:13.808"></status>
</kw>
<kw name="Double Click Element" library="Selenium2Library">
<doc>Double clicks the element identified by ``locator``.</doc>
<arguments>
<arg>//*[@id="ui-timepicker-div"]/table/tbody/tr/td[1]/table/tbody/tr[1]/td[3]/a</arg>
</arguments>
<msg timestamp="20201028 15:23:13.812" level="INFO">Double clicking element '//*[@id="ui-timepicker-div"]/table/tbody/tr/td[1]/table/tbody/tr[1]/td[3]/a'.</msg>
<status status="PASS" starttime="20201028 15:23:13.809" endtime="20201028 15:23:14.165"></status>
</kw>
<kw name="Sleep" library="BuiltIn">
<doc>Pauses the test executed for the given time.</doc>
<arguments>
<arg>1</arg>
</arguments>
<msg timestamp="20201028 15:23:15.169" level="INFO">Slept 1 second</msg>
<status status="PASS" starttime="20201028 15:23:14.165" endtime="20201028 15:23:15.169"></status>
</kw>
<kw name="Click Button" library="Selenium2Library">
<doc>Clicks the button identified by ``locator``.</doc>
<arguments>
<arg>effort_time${DailyDate}2</arg>
</arguments>
<msg timestamp="20201028 15:23:15.171" level="INFO">Clicking button 'effort_time21-Oct-20202'.</msg>
<status status="PASS" starttime="20201028 15:23:15.170" endtime="20201028 15:23:15.317"></status>
</kw>
<kw name="Sleep" library="BuiltIn">
<doc>Pauses the test executed for the given time.</doc>
<arguments>
<arg>1</arg>
</arguments>
<msg timestamp="20201028 15:23:16.327" level="INFO">Slept 1 second</msg>
<status status="PASS" starttime="20201028 15:23:15.318" endtime="20201028 15:23:16.328"></status>
</kw>
<kw name="Double Click Element" library="Selenium2Library">
<doc>Double clicks the element identified by ``locator``.</doc>
<arguments>
<arg>//*[@id="ui-timepicker-div"]/table/tbody/tr/td[1]/table/tbody/tr[1]/td[3]/a</arg>
</arguments>
<msg timestamp="20201028 15:23:16.332" level="INFO">Double clicking element '//*[@id="ui-timepicker-div"]/table/tbody/tr/td[1]/table/tbody/tr[1]/td[3]/a'.</msg>
<status status="PASS" starttime="20201028 15:23:16.329" endtime="20201028 15:23:16.662"></status>
</kw>
<kw name="Sleep" library="BuiltIn">
<doc>Pauses the test executed for the given time.</doc>
<arguments>
<arg>1</arg>
</arguments>
<msg timestamp="20201028 15:23:17.678" level="INFO">Slept 1 second</msg>
<status status="PASS" starttime="20201028 15:23:16.663" endtime="20201028 15:23:17.679"></status>
</kw>
<kw name="Click Button" library="Selenium2Library">
<doc>Clicks the button identified by ``locator``.</doc>
<arguments>
<arg>effort_time${DailyDate}3</arg>
</arguments>
<msg timestamp="20201028 15:23:17.681" level="INFO">Clicking button 'effort_time21-Oct-20203'.</msg>
<status status="PASS" starttime="20201028 15:23:17.680" endtime="20201028 15:23:17.819"></status>
</kw>
<kw name="Sleep" library="BuiltIn">
<doc>Pauses the test executed for the given time.</doc>
<arguments>
<arg>1</arg>
</arguments>
<msg timestamp="20201028 15:23:18.834" level="INFO">Slept 1 second</msg>
<status status="PASS" starttime="20201028 15:23:17.820" endtime="20201028 15:23:18.835"></status>
</kw>
<kw name="Double Click Element" library="Selenium2Library">
<doc>Double clicks the element identified by ``locator``.</doc>
<arguments>
<arg>//*[@id="ui-timepicker-div"]/table/tbody/tr/td[1]/table/tbody/tr[1]/td[3]/a</arg>
</arguments>
<msg timestamp="20201028 15:23:18.840" level="INFO">Double clicking element '//*[@id="ui-timepicker-div"]/table/tbody/tr/td[1]/table/tbody/tr[1]/td[3]/a'.</msg>
<status status="PASS" starttime="20201028 15:23:18.837" endtime="20201028 15:23:19.174"></status>
</kw>
<kw name="Sleep" library="BuiltIn">
<doc>Pauses the test executed for the given time.</doc>
<arguments>
<arg>1</arg>
</arguments>
<msg timestamp="20201028 15:23:20.184" level="INFO">Slept 1 second</msg>
<status status="PASS" starttime="20201028 15:23:19.174" endtime="20201028 15:23:20.184"></status>
</kw>
<kw name="Click Button" library="Selenium2Library">
<doc>Clicks the button identified by ``locator``.</doc>
<arguments>
<arg>effort_time${DailyDate}4</arg>
</arguments>
<msg timestamp="20201028 15:23:20.186" level="INFO">Clicking button 'effort_time21-Oct-20204'.</msg>
<status status="PASS" starttime="20201028 15:23:20.185" endtime="20201028 15:23:20.316"></status>
</kw>
<kw name="Sleep" library="BuiltIn">
<doc>Pauses the test executed for the given time.</doc>
<arguments>
<arg>1</arg>
</arguments>
<msg timestamp="20201028 15:23:21.326" level="INFO">Slept 1 second</msg>
<status status="PASS" starttime="20201028 15:23:20.317" endtime="20201028 15:23:21.327"></status>
</kw>
<kw name="Double Click Element" library="Selenium2Library">
<doc>Double clicks the element identified by ``locator``.</doc>
<arguments>
<arg>//*[@id="ui-timepicker-div"]/table/tbody/tr/td[1]/table/tbody/tr[1]/td[3]/a</arg>
</arguments>
<msg timestamp="20201028 15:23:21.331" level="INFO">Double clicking element '//*[@id="ui-timepicker-div"]/table/tbody/tr/td[1]/table/tbody/tr[1]/td[3]/a'.</msg>
<status status="PASS" starttime="20201028 15:23:21.329" endtime="20201028 15:23:21.663"></status>
</kw>
<kw name="Sleep" library="BuiltIn">
<doc>Pauses the test executed for the given time.</doc>
<arguments>
<arg>1</arg>
</arguments>
<msg timestamp="20201028 15:23:22.672" level="INFO">Slept 1 second</msg>
<status status="PASS" starttime="20201028 15:23:21.664" endtime="20201028 15:23:22.673"></status>
</kw>
<kw name="Click Button" library="Selenium2Library">
<doc>Clicks the button identified by ``locator``.</doc>
<arguments>
<arg>Save</arg>
</arguments>
<msg timestamp="20201028 15:23:22.675" level="INFO">Clicking button 'Save'.</msg>
<status status="PASS" starttime="20201028 15:23:22.674" endtime="20201028 15:23:23.720"></status>
</kw>
<kw name="Capture Page Screenshot" library="Selenium2Library">
<doc>Takes a screenshot of the current page and embeds it into a log file.</doc>
<arguments>
<arg>${test name}_${username}_${DailyDate}_Save.png</arg>
</arguments>
<msg timestamp="20201028 15:23:24.333" level="INFO" html="yes">&lt;/td&gt;&lt;/tr&gt;&lt;tr&gt;&lt;td colspan="3"&gt;&lt;a href="../../Desktop/RobotFrameworkScreenshots/LoginTest%201791WorkingDaysProjectTask/LoginTest%20WorkingDays_lakshminarayanan.radhakrishnan%40sqs.com_21-Oct-2020_Save.png"&gt;&lt;img src="../../Desktop/RobotFrameworkScreenshots/LoginTest%201791WorkingDaysProjectTask/LoginTest%20WorkingDays_lakshminarayanan.radhakrishnan%40sqs.com_21-Oct-2020_Save.png" width="800px"&gt;&lt;/a&gt;</msg>
<status status="PASS" starttime="20201028 15:23:23.721" endtime="20201028 15:23:24.334"></status>
</kw>
<kw name="Sleep" library="BuiltIn">
<doc>Pauses the test executed for the given time.</doc>
<arguments>
<arg>1</arg>
</arguments>
<msg timestamp="20201028 15:23:25.345" level="INFO">Slept 1 second</msg>
<status status="PASS" starttime="20201028 15:23:24.335" endtime="20201028 15:23:25.345"></status>
</kw>
<status status="PASS" starttime="20201028 15:23:00.451" endtime="20201028 15:23:25.346"></status>
</kw>
<kw name="${DailyDate} = 22-Oct-2020" type="foritem">
<kw name="Log" library="BuiltIn">
<doc>Logs the given message with the given level.</doc>
<arguments>
<arg>${DailyDate}</arg>
</arguments>
<msg timestamp="20201028 15:23:25.349" level="INFO">22-Oct-2020</msg>
<status status="PASS" starttime="20201028 15:23:25.348" endtime="20201028 15:23:25.350"></status>
</kw>
<kw name="Sleep" library="BuiltIn">
<doc>Pauses the test executed for the given time.</doc>
<arguments>
<arg>2</arg>
</arguments>
<msg timestamp="20201028 15:23:27.359" level="INFO">Slept 2 seconds</msg>
<status status="PASS" starttime="20201028 15:23:25.350" endtime="20201028 15:23:27.360"></status>
</kw>
<kw name="Input Text" library="Selenium2Library">
<doc>Types the given ``text`` into the text field identified by ``locator``.</doc>
<arguments>
<arg>id=selected_date</arg>
<arg>${DailyDate}</arg>
</arguments>
<msg timestamp="20201028 15:23:27.363" level="INFO">Typing text '22-Oct-2020' into text field 'id=selected_date'.</msg>
<status status="PASS" starttime="20201028 15:23:27.361" endtime="20201028 15:23:27.727"></status>
</kw>
<kw name="Sleep" library="BuiltIn">
<doc>Pauses the test executed for the given time.</doc>
<arguments>
<arg>1</arg>
</arguments>
<msg timestamp="20201028 15:23:28.733" level="INFO">Slept 1 second</msg>
<status status="PASS" starttime="20201028 15:23:27.727" endtime="20201028 15:23:28.735"></status>
</kw>
<kw name="Press Keys" library="Selenium2Library">
<doc>Simulates the user pressing key(s) to an element or on the active browser.</doc>
<arguments>
<arg>id=selected_date</arg>
<arg>ENTER</arg>
</arguments>
<msg timestamp="20201028 15:23:28.738" level="INFO">Sending key(s) ('ENTER',) to id=selected_date element.</msg>
<msg timestamp="20201028 15:23:29.047" level="INFO">Pressing special key ENTER to element.</msg>
<msg timestamp="20201028 15:23:29.048" level="INFO">Releasing special key ENTER.</msg>
<status status="PASS" starttime="20201028 15:23:28.736" endtime="20201028 15:23:29.859"></status>
</kw>
<kw name="Sleep" library="BuiltIn">
<doc>Pauses the test executed for the given time.</doc>
<arguments>
<arg>3</arg>
</arguments>
<msg timestamp="20201028 15:23:32.872" level="INFO">Slept 3 seconds</msg>
<status status="PASS" starttime="20201028 15:23:29.860" endtime="20201028 15:23:32.873"></status>
</kw>
<kw name="Click Image" library="Selenium2Library">
<doc>Clicks an image identified by ``locator``.</doc>
<arguments>
<arg>/static/css/images/icon_addlink.gif</arg>
</arguments>
<msg timestamp="20201028 15:23:32.877" level="INFO">Clicking image '/static/css/images/icon_addlink.gif'.</msg>
<status status="PASS" starttime="20201028 15:23:32.874" endtime="20201028 15:23:33.611"></status>
</kw>
<kw name="Click Button" library="Selenium2Library">
<doc>Clicks the button identified by ``locator``.</doc>
<arguments>
<arg>id=dproject_task</arg>
</arguments>
<msg timestamp="20201028 15:23:33.613" level="INFO">Clicking button 'id=dproject_task'.</msg>
<status status="PASS" starttime="20201028 15:23:33.612" endtime="20201028 15:23:33.751"></status>
</kw>
<kw name="Sleep" library="BuiltIn">
<doc>Pauses the test executed for the given time.</doc>
<arguments>
<arg>2</arg>
</arguments>
<msg timestamp="20201028 15:23:35.762" level="INFO">Slept 2 seconds</msg>
<status status="PASS" starttime="20201028 15:23:33.752" endtime="20201028 15:23:35.763"></status>
</kw>
<kw name="Select Checkbox" library="Selenium2Library">
<doc>Selects the checkbox identified by ``locator``.</doc>
<arguments>
<arg>project2</arg>
</arguments>
<msg timestamp="20201028 15:23:35.767" level="INFO">Selecting checkbox 'project2'.</msg>
<status status="PASS" starttime="20201028 15:23:35.765" endtime="20201028 15:23:35.874"></status>
</kw>
<kw name="Select Checkbox" library="Selenium2Library">
<doc>Selects the checkbox identified by ``locator``.</doc>
<arguments>
<arg>project4</arg>
</arguments>
<msg timestamp="20201028 15:23:35.876" level="INFO">Selecting checkbox 'project4'.</msg>
<status status="PASS" starttime="20201028 15:23:35.875" endtime="20201028 15:23:35.978"></status>
</kw>
<kw name="Select Checkbox" library="Selenium2Library">
<doc>Selects the checkbox identified by ``locator``.</doc>
<arguments>
<arg>project7</arg>
</arguments>
<msg timestamp="20201028 15:23:35.980" level="INFO">Selecting checkbox 'project7'.</msg>
<status status="PASS" starttime="20201028 15:23:35.979" endtime="20201028 15:23:36.080"></status>
</kw>
<kw name="Select Checkbox" library="Selenium2Library">
<doc>Selects the checkbox identified by ``locator``.</doc>
<arguments>
<arg>project8</arg>
</arguments>
<msg timestamp="20201028 15:23:36.082" level="INFO">Selecting checkbox 'project8'.</msg>
<status status="PASS" starttime="20201028 15:23:36.081" endtime="20201028 15:23:36.187"></status>
</kw>
<kw name="Sleep" library="BuiltIn">
<doc>Pauses the test executed for the given time.</doc>
<arguments>
<arg>1</arg>
</arguments>
<msg timestamp="20201028 15:23:37.197" level="INFO">Slept 1 second</msg>
<status status="PASS" starttime="20201028 15:23:36.187" endtime="20201028 15:23:37.198"></status>
</kw>
<kw name="Click Button" library="Selenium2Library">
<doc>Clicks the button identified by ``locator``.</doc>
<arguments>
<arg>Ok</arg>
</arguments>
<msg timestamp="20201028 15:23:37.202" level="INFO">Clicking button 'Ok'.</msg>
<status status="PASS" starttime="20201028 15:23:37.200" endtime="20201028 15:23:37.393"></status>
</kw>
<kw name="Click Button" library="Selenium2Library">
<doc>Clicks the button identified by ``locator``.</doc>
<arguments>
<arg>effort_time${DailyDate}1</arg>
</arguments>
<msg timestamp="20201028 15:23:37.395" level="INFO">Clicking button 'effort_time22-Oct-20201'.</msg>
<status status="PASS" starttime="20201028 15:23:37.394" endtime="20201028 15:23:37.548"></status>
</kw>
<kw name="Sleep" library="BuiltIn">
<doc>Pauses the test executed for the given time.</doc>
<arguments>
<arg>1</arg>
</arguments>
<msg timestamp="20201028 15:23:38.556" level="INFO">Slept 1 second</msg>
<status status="PASS" starttime="20201028 15:23:37.549" endtime="20201028 15:23:38.557"></status>
</kw>
<kw name="Double Click Element" library="Selenium2Library">
<doc>Double clicks the element identified by ``locator``.</doc>
<arguments>
<arg>//*[@id="ui-timepicker-div"]/table/tbody/tr/td[1]/table/tbody/tr[1]/td[3]/a</arg>
</arguments>
<msg timestamp="20201028 15:23:38.559" level="INFO">Double clicking element '//*[@id="ui-timepicker-div"]/table/tbody/tr/td[1]/table/tbody/tr[1]/td[3]/a'.</msg>
<status status="PASS" starttime="20201028 15:23:38.557" endtime="20201028 15:23:38.899"></status>
</kw>
<kw name="Sleep" library="BuiltIn">
<doc>Pauses the test executed for the given time.</doc>
<arguments>
<arg>1</arg>
</arguments>
<msg timestamp="20201028 15:23:39.908" level="INFO">Slept 1 second</msg>
<status status="PASS" starttime="20201028 15:23:38.900" endtime="20201028 15:23:39.908"></status>
</kw>
<kw name="Click Button" library="Selenium2Library">
<doc>Clicks the button identified by ``locator``.</doc>
<arguments>
<arg>effort_time${DailyDate}2</arg>
</arguments>
<msg timestamp="20201028 15:23:39.910" level="INFO">Clicking button 'effort_time22-Oct-20202'.</msg>
<status status="PASS" starttime="20201028 15:23:39.909" endtime="20201028 15:23:40.081"></status>
</kw>
<kw name="Sleep" library="BuiltIn">
<doc>Pauses the test executed for the given time.</doc>
<arguments>
<arg>1</arg>
</arguments>
<msg timestamp="20201028 15:23:41.085" level="INFO">Slept 1 second</msg>
<status status="PASS" starttime="20201028 15:23:40.083" endtime="20201028 15:23:41.087"></status>
</kw>
<kw name="Double Click Element" library="Selenium2Library">
<doc>Double clicks the element identified by ``locator``.</doc>
<arguments>
<arg>//*[@id="ui-timepicker-div"]/table/tbody/tr/td[1]/table/tbody/tr[1]/td[3]/a</arg>
</arguments>
<msg timestamp="20201028 15:23:41.092" level="INFO">Double clicking element '//*[@id="ui-timepicker-div"]/table/tbody/tr/td[1]/table/tbody/tr[1]/td[3]/a'.</msg>
<status status="PASS" starttime="20201028 15:23:41.089" endtime="20201028 15:23:41.437"></status>
</kw>
<kw name="Sleep" library="BuiltIn">
<doc>Pauses the test executed for the given time.</doc>
<arguments>
<arg>1</arg>
</arguments>
<msg timestamp="20201028 15:23:42.446" level="INFO">Slept 1 second</msg>
<status status="PASS" starttime="20201028 15:23:41.437" endtime="20201028 15:23:42.446"></status>
</kw>
<kw name="Click Button" library="Selenium2Library">
<doc>Clicks the button identified by ``locator``.</doc>
<arguments>
<arg>effort_time${DailyDate}3</arg>
</arguments>
<msg timestamp="20201028 15:23:42.448" level="INFO">Clicking button 'effort_time22-Oct-20203'.</msg>
<status status="PASS" starttime="20201028 15:23:42.447" endtime="20201028 15:23:42.599"></status>
</kw>
<kw name="Sleep" library="BuiltIn">
<doc>Pauses the test executed for the given time.</doc>
<arguments>
<arg>1</arg>
</arguments>
<msg timestamp="20201028 15:23:43.607" level="INFO">Slept 1 second</msg>
<status status="PASS" starttime="20201028 15:23:42.600" endtime="20201028 15:23:43.608"></status>
</kw>
<kw name="Double Click Element" library="Selenium2Library">
<doc>Double clicks the element identified by ``locator``.</doc>
<arguments>
<arg>//*[@id="ui-timepicker-div"]/table/tbody/tr/td[1]/table/tbody/tr[1]/td[3]/a</arg>
</arguments>
<msg timestamp="20201028 15:23:43.613" level="INFO">Double clicking element '//*[@id="ui-timepicker-div"]/table/tbody/tr/td[1]/table/tbody/tr[1]/td[3]/a'.</msg>
<status status="PASS" starttime="20201028 15:23:43.610" endtime="20201028 15:23:43.954"></status>
</kw>
<kw name="Sleep" library="BuiltIn">
<doc>Pauses the test executed for the given time.</doc>
<arguments>
<arg>1</arg>
</arguments>
<msg timestamp="20201028 15:23:44.970" level="INFO">Slept 1 second</msg>
<status status="PASS" starttime="20201028 15:23:43.955" endtime="20201028 15:23:44.970"></status>
</kw>
<kw name="Click Button" library="Selenium2Library">
<doc>Clicks the button identified by ``locator``.</doc>
<arguments>
<arg>effort_time${DailyDate}4</arg>
</arguments>
<msg timestamp="20201028 15:23:44.972" level="INFO">Clicking button 'effort_time22-Oct-20204'.</msg>
<status status="PASS" starttime="20201028 15:23:44.971" endtime="20201028 15:23:45.116"></status>
</kw>
<kw name="Sleep" library="BuiltIn">
<doc>Pauses the test executed for the given time.</doc>
<arguments>
<arg>1</arg>
</arguments>
<msg timestamp="20201028 15:23:46.126" level="INFO">Slept 1 second</msg>
<status status="PASS" starttime="20201028 15:23:45.118" endtime="20201028 15:23:46.127"></status>
</kw>
<kw name="Double Click Element" library="Selenium2Library">
<doc>Double clicks the element identified by ``locator``.</doc>
<arguments>
<arg>//*[@id="ui-timepicker-div"]/table/tbody/tr/td[1]/table/tbody/tr[1]/td[3]/a</arg>
</arguments>
<msg timestamp="20201028 15:23:46.131" level="INFO">Double clicking element '//*[@id="ui-timepicker-div"]/table/tbody/tr/td[1]/table/tbody/tr[1]/td[3]/a'.</msg>
<status status="PASS" starttime="20201028 15:23:46.129" endtime="20201028 15:23:46.475"></status>
</kw>
<kw name="Sleep" library="BuiltIn">
<doc>Pauses the test executed for the given time.</doc>
<arguments>
<arg>1</arg>
</arguments>
<msg timestamp="20201028 15:23:47.485" level="INFO">Slept 1 second</msg>
<status status="PASS" starttime="20201028 15:23:46.476" endtime="20201028 15:23:47.485"></status>
</kw>
<kw name="Click Button" library="Selenium2Library">
<doc>Clicks the button identified by ``locator``.</doc>
<arguments>
<arg>Save</arg>
</arguments>
<msg timestamp="20201028 15:23:47.487" level="INFO">Clicking button 'Save'.</msg>
<status status="PASS" starttime="20201028 15:23:47.486" endtime="20201028 15:23:48.600"></status>
</kw>
<kw name="Capture Page Screenshot" library="Selenium2Library">
<doc>Takes a screenshot of the current page and embeds it into a log file.</doc>
<arguments>
<arg>${test name}_${username}_${DailyDate}_Save.png</arg>
</arguments>
<msg timestamp="20201028 15:23:49.175" level="INFO" html="yes">&lt;/td&gt;&lt;/tr&gt;&lt;tr&gt;&lt;td colspan="3"&gt;&lt;a href="../../Desktop/RobotFrameworkScreenshots/LoginTest%201791WorkingDaysProjectTask/LoginTest%20WorkingDays_lakshminarayanan.radhakrishnan%40sqs.com_22-Oct-2020_Save.png"&gt;&lt;img src="../../Desktop/RobotFrameworkScreenshots/LoginTest%201791WorkingDaysProjectTask/LoginTest%20WorkingDays_lakshminarayanan.radhakrishnan%40sqs.com_22-Oct-2020_Save.png" width="800px"&gt;&lt;/a&gt;</msg>
<status status="PASS" starttime="20201028 15:23:48.600" endtime="20201028 15:23:49.176"></status>
</kw>
<kw name="Sleep" library="BuiltIn">
<doc>Pauses the test executed for the given time.</doc>
<arguments>
<arg>1</arg>
</arguments>
<msg timestamp="20201028 15:23:50.190" level="INFO">Slept 1 second</msg>
<status status="PASS" starttime="20201028 15:23:49.177" endtime="20201028 15:23:50.190"></status>
</kw>
<status status="PASS" starttime="20201028 15:23:25.347" endtime="20201028 15:23:50.191"></status>
</kw>
<kw name="${DailyDate} = 23-Oct-2020" type="foritem">
<kw name="Log" library="BuiltIn">
<doc>Logs the given message with the given level.</doc>
<arguments>
<arg>${DailyDate}</arg>
</arguments>
<msg timestamp="20201028 15:23:50.193" level="INFO">23-Oct-2020</msg>
<status status="PASS" starttime="20201028 15:23:50.192" endtime="20201028 15:23:50.193"></status>
</kw>
<kw name="Sleep" library="BuiltIn">
<doc>Pauses the test executed for the given time.</doc>
<arguments>
<arg>2</arg>
</arguments>
<msg timestamp="20201028 15:23:52.202" level="INFO">Slept 2 seconds</msg>
<status status="PASS" starttime="20201028 15:23:50.194" endtime="20201028 15:23:52.203"></status>
</kw>
<kw name="Input Text" library="Selenium2Library">
<doc>Types the given ``text`` into the text field identified by ``locator``.</doc>
<arguments>
<arg>id=selected_date</arg>
<arg>${DailyDate}</arg>
</arguments>
<msg timestamp="20201028 15:23:52.206" level="INFO">Typing text '23-Oct-2020' into text field 'id=selected_date'.</msg>
<status status="PASS" starttime="20201028 15:23:52.204" endtime="20201028 15:23:52.467"></status>
</kw>
<kw name="Sleep" library="BuiltIn">
<doc>Pauses the test executed for the given time.</doc>
<arguments>
<arg>1</arg>
</arguments>
<msg timestamp="20201028 15:23:53.476" level="INFO">Slept 1 second</msg>
<status status="PASS" starttime="20201028 15:23:52.468" endtime="20201028 15:23:53.476"></status>
</kw>
<kw name="Press Keys" library="Selenium2Library">
<doc>Simulates the user pressing key(s) to an element or on the active browser.</doc>
<arguments>
<arg>id=selected_date</arg>
<arg>ENTER</arg>
</arguments>
<msg timestamp="20201028 15:23:53.478" level="INFO">Sending key(s) ('ENTER',) to id=selected_date element.</msg>
<msg timestamp="20201028 15:23:53.778" level="INFO">Pressing special key ENTER to element.</msg>
<msg timestamp="20201028 15:23:53.779" level="INFO">Releasing special key ENTER.</msg>
<status status="PASS" starttime="20201028 15:23:53.477" endtime="20201028 15:23:54.600"></status>
</kw>
<kw name="Sleep" library="BuiltIn">
<doc>Pauses the test executed for the given time.</doc>
<arguments>
<arg>3</arg>
</arguments>
<msg timestamp="20201028 15:23:57.602" level="INFO">Slept 3 seconds</msg>
<status status="PASS" starttime="20201028 15:23:54.601" endtime="20201028 15:23:57.603"></status>
</kw>
<kw name="Click Image" library="Selenium2Library">
<doc>Clicks an image identified by ``locator``.</doc>
<arguments>
<arg>/static/css/images/icon_addlink.gif</arg>
</arguments>
<msg timestamp="20201028 15:23:57.605" level="INFO">Clicking image '/static/css/images/icon_addlink.gif'.</msg>
<status status="PASS" starttime="20201028 15:23:57.603" endtime="20201028 15:23:58.513"></status>
</kw>
<kw name="Click Button" library="Selenium2Library">
<doc>Clicks the button identified by ``locator``.</doc>
<arguments>
<arg>id=dproject_task</arg>
</arguments>
<msg timestamp="20201028 15:23:58.516" level="INFO">Clicking button 'id=dproject_task'.</msg>
<status status="PASS" starttime="20201028 15:23:58.515" endtime="20201028 15:23:58.617"></status>
</kw>
<kw name="Sleep" library="BuiltIn">
<doc>Pauses the test executed for the given time.</doc>
<arguments>
<arg>2</arg>
</arguments>
<msg timestamp="20201028 15:24:00.631" level="INFO">Slept 2 seconds</msg>
<status status="PASS" starttime="20201028 15:23:58.617" endtime="20201028 15:24:00.631"></status>
</kw>
<kw name="Select Checkbox" library="Selenium2Library">
<doc>Selects the checkbox identified by ``locator``.</doc>
<arguments>
<arg>project2</arg>
</arguments>
<msg timestamp="20201028 15:24:00.632" level="INFO">Selecting checkbox 'project2'.</msg>
<status status="PASS" starttime="20201028 15:24:00.631" endtime="20201028 15:24:00.736"></status>
</kw>
<kw name="Select Checkbox" library="Selenium2Library">
<doc>Selects the checkbox identified by ``locator``.</doc>
<arguments>
<arg>project4</arg>
</arguments>
<msg timestamp="20201028 15:24:00.738" level="INFO">Selecting checkbox 'project4'.</msg>
<status status="PASS" starttime="20201028 15:24:00.737" endtime="20201028 15:24:00.844"></status>
</kw>
<kw name="Select Checkbox" library="Selenium2Library">
<doc>Selects the checkbox identified by ``locator``.</doc>
<arguments>
<arg>project7</arg>
</arguments>
<msg timestamp="20201028 15:24:00.845" level="INFO">Selecting checkbox 'project7'.</msg>
<status status="PASS" starttime="20201028 15:24:00.845" endtime="20201028 15:24:00.948"></status>
</kw>
<kw name="Select Checkbox" library="Selenium2Library">
<doc>Selects the checkbox identified by ``locator``.</doc>
<arguments>
<arg>project8</arg>
</arguments>
<msg timestamp="20201028 15:24:00.949" level="INFO">Selecting checkbox 'project8'.</msg>
<status status="PASS" starttime="20201028 15:24:00.948" endtime="20201028 15:24:01.052"></status>
</kw>
<kw name="Sleep" library="BuiltIn">
<doc>Pauses the test executed for the given time.</doc>
<arguments>
<arg>1</arg>
</arguments>
<msg timestamp="20201028 15:24:02.067" level="INFO">Slept 1 second</msg>
<status status="PASS" starttime="20201028 15:24:01.053" endtime="20201028 15:24:02.069"></status>
</kw>
<kw name="Click Button" library="Selenium2Library">
<doc>Clicks the button identified by ``locator``.</doc>
<arguments>
<arg>Ok</arg>
</arguments>
<msg timestamp="20201028 15:24:02.072" level="INFO">Clicking button 'Ok'.</msg>
<status status="PASS" starttime="20201028 15:24:02.070" endtime="20201028 15:24:02.255"></status>
</kw>
<kw name="Click Button" library="Selenium2Library">
<doc>Clicks the button identified by ``locator``.</doc>
<arguments>
<arg>effort_time${DailyDate}1</arg>
</arguments>
<msg timestamp="20201028 15:24:02.256" level="INFO">Clicking button 'effort_time23-Oct-20201'.</msg>
<status status="PASS" starttime="20201028 15:24:02.255" endtime="20201028 15:24:02.406"></status>
</kw>
<kw name="Sleep" library="BuiltIn">
<doc>Pauses the test executed for the given time.</doc>
<arguments>
<arg>1</arg>
</arguments>
<msg timestamp="20201028 15:24:03.413" level="INFO">Slept 1 second</msg>
<status status="PASS" starttime="20201028 15:24:02.407" endtime="20201028 15:24:03.414"></status>
</kw>
<kw name="Double Click Element" library="Selenium2Library">
<doc>Double clicks the element identified by ``locator``.</doc>
<arguments>
<arg>//*[@id="ui-timepicker-div"]/table/tbody/tr/td[1]/table/tbody/tr[1]/td[3]/a</arg>
</arguments>
<msg timestamp="20201028 15:24:03.419" level="INFO">Double clicking element '//*[@id="ui-timepicker-div"]/table/tbody/tr/td[1]/table/tbody/tr[1]/td[3]/a'.</msg>
<status status="PASS" starttime="20201028 15:24:03.416" endtime="20201028 15:24:03.759"></status>
</kw>
<kw name="Sleep" library="BuiltIn">
<doc>Pauses the test executed for the given time.</doc>
<arguments>
<arg>1</arg>
</arguments>
<msg timestamp="20201028 15:24:04.761" level="INFO">Slept 1 second</msg>
<status status="PASS" starttime="20201028 15:24:03.759" endtime="20201028 15:24:04.761"></status>
</kw>
<kw name="Click Button" library="Selenium2Library">
<doc>Clicks the button identified by ``locator``.</doc>
<arguments>
<arg>effort_time${DailyDate}2</arg>
</arguments>
<msg timestamp="20201028 15:24:04.762" level="INFO">Clicking button 'effort_time23-Oct-20202'.</msg>
<status status="PASS" starttime="20201028 15:24:04.762" endtime="20201028 15:24:04.893"></status>
</kw>
<kw name="Sleep" library="BuiltIn">
<doc>Pauses the test executed for the given time.</doc>
<arguments>
<arg>1</arg>
</arguments>
<msg timestamp="20201028 15:24:05.905" level="INFO">Slept 1 second</msg>
<status status="PASS" starttime="20201028 15:24:04.894" endtime="20201028 15:24:05.906"></status>
</kw>
<kw name="Double Click Element" library="Selenium2Library">
<doc>Double clicks the element identified by ``locator``.</doc>
<arguments>
<arg>//*[@id="ui-timepicker-div"]/table/tbody/tr/td[1]/table/tbody/tr[1]/td[3]/a</arg>
</arguments>
<msg timestamp="20201028 15:24:05.910" level="INFO">Double clicking element '//*[@id="ui-timepicker-div"]/table/tbody/tr/td[1]/table/tbody/tr[1]/td[3]/a'.</msg>
<status status="PASS" starttime="20201028 15:24:05.908" endtime="20201028 15:24:06.245"></status>
</kw>
<kw name="Sleep" library="BuiltIn">
<doc>Pauses the test executed for the given time.</doc>
<arguments>
<arg>1</arg>
</arguments>
<msg timestamp="20201028 15:24:07.261" level="INFO">Slept 1 second</msg>
<status status="PASS" starttime="20201028 15:24:06.245" endtime="20201028 15:24:07.263"></status>
</kw>
<kw name="Click Button" library="Selenium2Library">
<doc>Clicks the button identified by ``locator``.</doc>
<arguments>
<arg>effort_time${DailyDate}3</arg>
</arguments>
<msg timestamp="20201028 15:24:07.266" level="INFO">Clicking button 'effort_time23-Oct-20203'.</msg>
<status status="PASS" starttime="20201028 15:24:07.264" endtime="20201028 15:24:07.398"></status>
</kw>
<kw name="Sleep" library="BuiltIn">
<doc>Pauses the test executed for the given time.</doc>
<arguments>
<arg>1</arg>
</arguments>
<msg timestamp="20201028 15:24:08.403" level="INFO">Slept 1 second</msg>
<status status="PASS" starttime="20201028 15:24:07.399" endtime="20201028 15:24:08.404"></status>
</kw>
<kw name="Double Click Element" library="Selenium2Library">
<doc>Double clicks the element identified by ``locator``.</doc>
<arguments>
<arg>//*[@id="ui-timepicker-div"]/table/tbody/tr/td[1]/table/tbody/tr[1]/td[3]/a</arg>
</arguments>
<msg timestamp="20201028 15:24:08.408" level="INFO">Double clicking element '//*[@id="ui-timepicker-div"]/table/tbody/tr/td[1]/table/tbody/tr[1]/td[3]/a'.</msg>
<status status="PASS" starttime="20201028 15:24:08.406" endtime="20201028 15:24:08.739"></status>
</kw>
<kw name="Sleep" library="BuiltIn">
<doc>Pauses the test executed for the given time.</doc>
<arguments>
<arg>1</arg>
</arguments>
<msg timestamp="20201028 15:24:09.745" level="INFO">Slept 1 second</msg>
<status status="PASS" starttime="20201028 15:24:08.740" endtime="20201028 15:24:09.745"></status>
</kw>
<kw name="Click Button" library="Selenium2Library">
<doc>Clicks the button identified by ``locator``.</doc>
<arguments>
<arg>effort_time${DailyDate}4</arg>
</arguments>
<msg timestamp="20201028 15:24:09.747" level="INFO">Clicking button 'effort_time23-Oct-20204'.</msg>
<status status="PASS" starttime="20201028 15:24:09.746" endtime="20201028 15:24:09.869"></status>
</kw>
<kw name="Sleep" library="BuiltIn">
<doc>Pauses the test executed for the given time.</doc>
<arguments>
<arg>1</arg>
</arguments>
<msg timestamp="20201028 15:24:10.876" level="INFO">Slept 1 second</msg>
<status status="PASS" starttime="20201028 15:24:09.869" endtime="20201028 15:24:10.877"></status>
</kw>
<kw name="Double Click Element" library="Selenium2Library">
<doc>Double clicks the element identified by ``locator``.</doc>
<arguments>
<arg>//*[@id="ui-timepicker-div"]/table/tbody/tr/td[1]/table/tbody/tr[1]/td[3]/a</arg>
</arguments>
<msg timestamp="20201028 15:24:10.881" level="INFO">Double clicking element '//*[@id="ui-timepicker-div"]/table/tbody/tr/td[1]/table/tbody/tr[1]/td[3]/a'.</msg>
<status status="PASS" starttime="20201028 15:24:10.878" endtime="20201028 15:24:11.224"></status>
</kw>
<kw name="Sleep" library="BuiltIn">
<doc>Pauses the test executed for the given time.</doc>
<arguments>
<arg>1</arg>
</arguments>
<msg timestamp="20201028 15:24:12.236" level="INFO">Slept 1 second</msg>
<status status="PASS" starttime="20201028 15:24:11.225" endtime="20201028 15:24:12.236"></status>
</kw>
<kw name="Click Button" library="Selenium2Library">
<doc>Clicks the button identified by ``locator``.</doc>
<arguments>
<arg>Save</arg>
</arguments>
<msg timestamp="20201028 15:24:12.237" level="INFO">Clicking button 'Save'.</msg>
<status status="PASS" starttime="20201028 15:24:12.237" endtime="20201028 15:24:13.419"></status>
</kw>
<kw name="Capture Page Screenshot" library="Selenium2Library">
<doc>Takes a screenshot of the current page and embeds it into a log file.</doc>
<arguments>
<arg>${test name}_${username}_${DailyDate}_Save.png</arg>
</arguments>
<msg timestamp="20201028 15:24:13.950" level="INFO" html="yes">&lt;/td&gt;&lt;/tr&gt;&lt;tr&gt;&lt;td colspan="3"&gt;&lt;a href="../../Desktop/RobotFrameworkScreenshots/LoginTest%201791WorkingDaysProjectTask/LoginTest%20WorkingDays_lakshminarayanan.radhakrishnan%40sqs.com_23-Oct-2020_Save.png"&gt;&lt;img src="../../Desktop/RobotFrameworkScreenshots/LoginTest%201791WorkingDaysProjectTask/LoginTest%20WorkingDays_lakshminarayanan.radhakrishnan%40sqs.com_23-Oct-2020_Save.png" width="800px"&gt;&lt;/a&gt;</msg>
<status status="PASS" starttime="20201028 15:24:13.420" endtime="20201028 15:24:13.951"></status>
</kw>
<kw name="Sleep" library="BuiltIn">
<doc>Pauses the test executed for the given time.</doc>
<arguments>
<arg>1</arg>
</arguments>
<msg timestamp="20201028 15:24:14.960" level="INFO">Slept 1 second</msg>
<status status="PASS" starttime="20201028 15:24:13.952" endtime="20201028 15:24:14.961"></status>
</kw>
<status status="PASS" starttime="20201028 15:23:50.191" endtime="20201028 15:24:14.962"></status>
</kw>
<status status="PASS" starttime="20201028 15:23:00.451" endtime="20201028 15:24:14.963"></status>
</kw>
<kw name="Click Link" library="Selenium2Library">
<doc>Clicks a link identified by ``locator``.</doc>
<arguments>
<arg>/tsuser/logout/</arg>
</arguments>
<msg timestamp="20201028 15:24:14.966" level="INFO">Clicking link '/tsuser/logout/'.</msg>
<status status="PASS" starttime="20201028 15:24:14.964" endtime="20201028 15:24:15.387"></status>
</kw>
<kw name="Close Browser" library="Selenium2Library">
<doc>Closes the current browser.</doc>
<status status="PASS" starttime="20201028 15:24:15.388" endtime="20201028 15:24:18.124"></status>
</kw>
<status status="PASS" starttime="20201028 15:22:52.839" endtime="20201028 15:24:18.126"></status>
</kw>
<status status="PASS" starttime="20201028 15:22:52.835" endtime="20201028 15:24:18.127" critical="yes"></status>
</test>
<status status="PASS" starttime="20201028 15:22:52.820" endtime="20201028 15:24:18.130"></status>
</suite>
<suite id="s1-s1-s3" name="TG3417WorkingDaysProjectTask" source="C:\Users\RDMD\eclipse-workspace\RobotExpleoTimesheet\Testcases\TG3417WorkingDaysProjectTask.robot">
<test id="s1-s1-s3-t1" name="LoginTest WorkingDays">
<kw name="Set Screenshot Directory" library="Selenium2Library" type="setup">
<doc>Sets the directory for captured screenshots.</doc>
<arguments>
<arg>${Path}</arg>
</arguments>
<status status="PASS" starttime="20201028 15:24:18.150" endtime="20201028 15:24:18.151"></status>
</kw>
<kw name="LoginTest WorkingDays">
<arguments>
<arg>supraja.ramanujam@sqs.com</arg>
<arg>Suprithi2716</arg>
</arguments>
<kw name="Create Directory" library="OperatingSystem">
<doc>Creates the specified directory.</doc>
<arguments>
<arg>C:/Users/RDMD/Desktop/RobotFrameworkScreenshots/${test name}</arg>
</arguments>
<msg timestamp="20201028 15:24:18.154" level="INFO" html="yes">Directory '&lt;a href="file://C:\Users\RDMD\Desktop\RobotFrameworkScreenshots\LoginTest WorkingDays"&gt;C:\Users\RDMD\Desktop\RobotFrameworkScreenshots\LoginTest WorkingDays&lt;/a&gt;' already exists.</msg>
<status status="PASS" starttime="20201028 15:24:18.153" endtime="20201028 15:24:18.154"></status>
</kw>
<kw name="Open Browser" library="Selenium2Library">
<doc>Opens a new browser instance to the optional ``url``.</doc>
<arguments>
<arg>${url}</arg>
<arg>${browser}</arg>
</arguments>
<msg timestamp="20201028 15:24:18.156" level="INFO">Opening browser 'chrome' to base url 'https://hourglass.esl-bfsi.com:8001/'.</msg>
<status status="PASS" starttime="20201028 15:24:18.155" endtime="20201028 15:24:22.155"></status>
</kw>
<kw name="Maximize Browser Window" library="Selenium2Library">
<doc>Maximizes current browser window.</doc>
<status status="PASS" starttime="20201028 15:24:22.156" endtime="20201028 15:24:24.318"></status>
</kw>
<kw name="Get Window Titles" library="Selenium2Library">
<doc>Returns and logs titles of all windows of the selected browser.</doc>
<assign>
<var>${title_var}</var>
</assign>
<msg timestamp="20201028 15:24:24.367" level="INFO">Altogether 1 item.
1: SQS India BFSI Limited Login</msg>
<msg timestamp="20201028 15:24:24.367" level="INFO">${title_var} = ['SQS India BFSI Limited Login']</msg>
<status status="PASS" starttime="20201028 15:24:24.319" endtime="20201028 15:24:24.368"></status>
</kw>
<kw name="Input Text" library="Selenium2Library">
<doc>Types the given ``text`` into the text field identified by ``locator``.</doc>
<arguments>
<arg>id=id_username</arg>
<arg>${username}</arg>
</arguments>
<msg timestamp="20201028 15:24:24.369" level="INFO">Typing text 'supraja.ramanujam@sqs.com' into text field 'id=id_username'.</msg>
<status status="PASS" starttime="20201028 15:24:24.368" endtime="20201028 15:24:24.568"></status>
</kw>
<kw name="Input Password" library="Selenium2Library">
<doc>Types the given password into the text field identified by ``locator``.</doc>
<arguments>
<arg>id=id_password</arg>
<arg>${password}</arg>
</arguments>
<msg timestamp="20201028 15:24:24.571" level="INFO">Typing password into text field 'id=id_password'.</msg>
<msg timestamp="20201028 15:24:24.658" level="INFO">Temporally setting log level to: NONE</msg>
<msg timestamp="20201028 15:24:24.763" level="INFO">Log level changed from NONE to INFO.</msg>
<status status="PASS" starttime="20201028 15:24:24.569" endtime="20201028 15:24:24.764"></status>
</kw>
<kw name="Click Image" library="Selenium2Library">
<doc>Clicks an image identified by ``locator``.</doc>
<arguments>
<arg>/static/css/images/btn_go.png</arg>
</arguments>
<msg timestamp="20201028 15:24:24.765" level="INFO">Clicking image '/static/css/images/btn_go.png'.</msg>
<status status="PASS" starttime="20201028 15:24:24.765" endtime="20201028 15:24:26.247"></status>
</kw>
<kw name="${DailyDate} IN [ @{workingdays} ]" type="for">
<kw name="${DailyDate} = 21-Oct-2020" type="foritem">
<kw name="Log" library="BuiltIn">
<doc>Logs the given message with the given level.</doc>
<arguments>
<arg>${DailyDate}</arg>
</arguments>
<msg timestamp="20201028 15:24:26.253" level="INFO">21-Oct-2020</msg>
<status status="PASS" starttime="20201028 15:24:26.251" endtime="20201028 15:24:26.254"></status>
</kw>
<kw name="Sleep" library="BuiltIn">
<doc>Pauses the test executed for the given time.</doc>
<arguments>
<arg>2</arg>
</arguments>
<msg timestamp="20201028 15:24:28.265" level="INFO">Slept 2 seconds</msg>
<status status="PASS" starttime="20201028 15:24:26.254" endtime="20201028 15:24:28.265"></status>
</kw>
<kw name="Input Text" library="Selenium2Library">
<doc>Types the given ``text`` into the text field identified by ``locator``.</doc>
<arguments>
<arg>id=selected_date</arg>
<arg>${DailyDate}</arg>
</arguments>
<msg timestamp="20201028 15:24:28.267" level="INFO">Typing text '21-Oct-2020' into text field 'id=selected_date'.</msg>
<status status="PASS" starttime="20201028 15:24:28.266" endtime="20201028 15:24:28.805"></status>
</kw>
<kw name="Sleep" library="BuiltIn">
<doc>Pauses the test executed for the given time.</doc>
<arguments>
<arg>1</arg>
</arguments>
<msg timestamp="20201028 15:24:29.809" level="INFO">Slept 1 second</msg>
<status status="PASS" starttime="20201028 15:24:28.806" endtime="20201028 15:24:29.810"></status>
</kw>
<kw name="Press Keys" library="Selenium2Library">
<doc>Simulates the user pressing key(s) to an element or on the active browser.</doc>
<arguments>
<arg>id=selected_date</arg>
<arg>ENTER</arg>
</arguments>
<msg timestamp="20201028 15:24:29.813" level="INFO">Sending key(s) ('ENTER',) to id=selected_date element.</msg>
<msg timestamp="20201028 15:24:30.102" level="INFO">Pressing special key ENTER to element.</msg>
<msg timestamp="20201028 15:24:30.103" level="INFO">Releasing special key ENTER.</msg>
<status status="PASS" starttime="20201028 15:24:29.811" endtime="20201028 15:24:30.925"></status>
</kw>
<kw name="Sleep" library="BuiltIn">
<doc>Pauses the test executed for the given time.</doc>
<arguments>
<arg>3</arg>
</arguments>
<msg timestamp="20201028 15:24:33.936" level="INFO">Slept 3 seconds</msg>
<status status="PASS" starttime="20201028 15:24:30.925" endtime="20201028 15:24:33.937"></status>
</kw>
<kw name="Click Image" library="Selenium2Library">
<doc>Clicks an image identified by ``locator``.</doc>
<arguments>
<arg>/static/css/images/icon_addlink.gif</arg>
</arguments>
<msg timestamp="20201028 15:24:33.939" level="INFO">Clicking image '/static/css/images/icon_addlink.gif'.</msg>
<status status="PASS" starttime="20201028 15:24:33.938" endtime="20201028 15:24:34.816"></status>
</kw>
<kw name="Click Button" library="Selenium2Library">
<doc>Clicks the button identified by ``locator``.</doc>
<arguments>
<arg>id=dproject_task</arg>
</arguments>
<msg timestamp="20201028 15:24:34.818" level="INFO">Clicking button 'id=dproject_task'.</msg>
<status status="PASS" starttime="20201028 15:24:34.817" endtime="20201028 15:24:34.936"></status>
</kw>
<kw name="Sleep" library="BuiltIn">
<doc>Pauses the test executed for the given time.</doc>
<arguments>
<arg>1</arg>
</arguments>
<msg timestamp="20201028 15:24:35.943" level="INFO">Slept 1 second</msg>
<status status="PASS" starttime="20201028 15:24:34.937" endtime="20201028 15:24:35.944"></status>
</kw>
<kw name="Select Checkbox" library="Selenium2Library">
<doc>Selects the checkbox identified by ``locator``.</doc>
<arguments>
<arg>project1</arg>
</arguments>
<msg timestamp="20201028 15:24:35.946" level="INFO">Selecting checkbox 'project1'.</msg>
<status status="PASS" starttime="20201028 15:24:35.945" endtime="20201028 15:24:36.050"></status>
</kw>
<kw name="Sleep" library="BuiltIn">
<doc>Pauses the test executed for the given time.</doc>
<arguments>
<arg>1</arg>
</arguments>
<msg timestamp="20201028 15:24:37.058" level="INFO">Slept 1 second</msg>
<status status="PASS" starttime="20201028 15:24:36.051" endtime="20201028 15:24:37.059"></status>
</kw>
<kw name="Click Button" library="Selenium2Library">
<doc>Clicks the button identified by ``locator``.</doc>
<arguments>
<arg>Ok</arg>
</arguments>
<msg timestamp="20201028 15:24:37.062" level="INFO">Clicking button 'Ok'.</msg>
<status status="PASS" starttime="20201028 15:24:37.061" endtime="20201028 15:24:37.190"></status>
</kw>
<kw name="Click Button" library="Selenium2Library">
<doc>Clicks the button identified by ``locator``.</doc>
<arguments>
<arg>effort_time${DailyDate}1</arg>
</arguments>
<msg timestamp="20201028 15:24:37.193" level="INFO">Clicking button 'effort_time21-Oct-20201'.</msg>
<status status="PASS" starttime="20201028 15:24:37.191" endtime="20201028 15:24:37.327"></status>
</kw>
<kw name="Sleep" library="BuiltIn">
<doc>Pauses the test executed for the given time.</doc>
<arguments>
<arg>1</arg>
</arguments>
<msg timestamp="20201028 15:24:38.340" level="INFO">Slept 1 second</msg>
<status status="PASS" starttime="20201028 15:24:37.329" endtime="20201028 15:24:38.341"></status>
</kw>
<kw name="Double Click Element" library="Selenium2Library">
<doc>Double clicks the element identified by ``locator``.</doc>
<arguments>
<arg>//*[@id="ui-timepicker-div"]/table/tbody/tr/td[1]/table/tbody/tr[2]/td[3]/a</arg>
</arguments>
<msg timestamp="20201028 15:24:38.345" level="INFO">Double clicking element '//*[@id="ui-timepicker-div"]/table/tbody/tr/td[1]/table/tbody/tr[2]/td[3]/a'.</msg>
<status status="PASS" starttime="20201028 15:24:38.343" endtime="20201028 15:24:38.677"></status>
</kw>
<kw name="Sleep" library="BuiltIn">
<doc>Pauses the test executed for the given time.</doc>
<arguments>
<arg>1</arg>
</arguments>
<msg timestamp="20201028 15:24:39.683" level="INFO">Slept 1 second</msg>
<status status="PASS" starttime="20201028 15:24:38.678" endtime="20201028 15:24:39.685"></status>
</kw>
<kw name="Click Button" library="Selenium2Library">
<doc>Clicks the button identified by ``locator``.</doc>
<arguments>
<arg>Save</arg>
</arguments>
<msg timestamp="20201028 15:24:39.688" level="INFO">Clicking button 'Save'.</msg>
<status status="PASS" starttime="20201028 15:24:39.686" endtime="20201028 15:24:40.663"></status>
</kw>
<kw name="Capture Page Screenshot" library="Selenium2Library">
<doc>Takes a screenshot of the current page and embeds it into a log file.</doc>
<arguments>
<arg>${test name}_${username}_${DailyDate}_Save.png</arg>
</arguments>
<msg timestamp="20201028 15:24:41.255" level="INFO" html="yes">&lt;/td&gt;&lt;/tr&gt;&lt;tr&gt;&lt;td colspan="3"&gt;&lt;a href="../../Desktop/RobotFrameworkScreenshots/LoginTest%203417WorkingDaysProjectTask/LoginTest%20WorkingDays_supraja.ramanujam%40sqs.com_21-Oct-2020_Save.png"&gt;&lt;img src="../../Desktop/RobotFrameworkScreenshots/LoginTest%203417WorkingDaysProjectTask/LoginTest%20WorkingDays_supraja.ramanujam%40sqs.com_21-Oct-2020_Save.png" width="800px"&gt;&lt;/a&gt;</msg>
<status status="PASS" starttime="20201028 15:24:40.664" endtime="20201028 15:24:41.256"></status>
</kw>
<kw name="Sleep" library="BuiltIn">
<doc>Pauses the test executed for the given time.</doc>
<arguments>
<arg>1</arg>
</arguments>
<msg timestamp="20201028 15:24:42.266" level="INFO">Slept 1 second</msg>
<status status="PASS" starttime="20201028 15:24:41.257" endtime="20201028 15:24:42.267"></status>
</kw>
<status status="PASS" starttime="20201028 15:24:26.249" endtime="20201028 15:24:42.268"></status>
</kw>
<kw name="${DailyDate} = 22-Oct-2020" type="foritem">
<kw name="Log" library="BuiltIn">
<doc>Logs the given message with the given level.</doc>
<arguments>
<arg>${DailyDate}</arg>
</arguments>
<msg timestamp="20201028 15:24:42.272" level="INFO">22-Oct-2020</msg>
<status status="PASS" starttime="20201028 15:24:42.271" endtime="20201028 15:24:42.273"></status>
</kw>
<kw name="Sleep" library="BuiltIn">
<doc>Pauses the test executed for the given time.</doc>
<arguments>
<arg>2</arg>
</arguments>
<msg timestamp="20201028 15:24:44.286" level="INFO">Slept 2 seconds</msg>
<status status="PASS" starttime="20201028 15:24:42.274" endtime="20201028 15:24:44.287"></status>
</kw>
<kw name="Input Text" library="Selenium2Library">
<doc>Types the given ``text`` into the text field identified by ``locator``.</doc>
<arguments>
<arg>id=selected_date</arg>
<arg>${DailyDate}</arg>
</arguments>
<msg timestamp="20201028 15:24:44.290" level="INFO">Typing text '22-Oct-2020' into text field 'id=selected_date'.</msg>
<status status="PASS" starttime="20201028 15:24:44.288" endtime="20201028 15:24:44.570"></status>
</kw>
<kw name="Sleep" library="BuiltIn">
<doc>Pauses the test executed for the given time.</doc>
<arguments>
<arg>1</arg>
</arguments>
<msg timestamp="20201028 15:24:45.582" level="INFO">Slept 1 second</msg>
<status status="PASS" starttime="20201028 15:24:44.571" endtime="20201028 15:24:45.584"></status>
</kw>
<kw name="Press Keys" library="Selenium2Library">
<doc>Simulates the user pressing key(s) to an element or on the active browser.</doc>
<arguments>
<arg>id=selected_date</arg>
<arg>ENTER</arg>
</arguments>
<msg timestamp="20201028 15:24:45.588" level="INFO">Sending key(s) ('ENTER',) to id=selected_date element.</msg>
<msg timestamp="20201028 15:24:45.904" level="INFO">Pressing special key ENTER to element.</msg>
<msg timestamp="20201028 15:24:45.905" level="INFO">Releasing special key ENTER.</msg>
<status status="PASS" starttime="20201028 15:24:45.585" endtime="20201028 15:24:46.686"></status>
</kw>
<kw name="Sleep" library="BuiltIn">
<doc>Pauses the test executed for the given time.</doc>
<arguments>
<arg>3</arg>
</arguments>
<msg timestamp="20201028 15:24:49.699" level="INFO">Slept 3 seconds</msg>
<status status="PASS" starttime="20201028 15:24:46.687" endtime="20201028 15:24:49.699"></status>
</kw>
<kw name="Click Image" library="Selenium2Library">
<doc>Clicks an image identified by ``locator``.</doc>
<arguments>
<arg>/static/css/images/icon_addlink.gif</arg>
</arguments>
<msg timestamp="20201028 15:24:49.701" level="INFO">Clicking image '/static/css/images/icon_addlink.gif'.</msg>
<status status="PASS" starttime="20201028 15:24:49.700" endtime="20201028 15:24:50.419"></status>
</kw>
<kw name="Click Button" library="Selenium2Library">
<doc>Clicks the button identified by ``locator``.</doc>
<arguments>
<arg>id=dproject_task</arg>
</arguments>
<msg timestamp="20201028 15:24:50.422" level="INFO">Clicking button 'id=dproject_task'.</msg>
<status status="PASS" starttime="20201028 15:24:50.420" endtime="20201028 15:24:50.521"></status>
</kw>
<kw name="Sleep" library="BuiltIn">
<doc>Pauses the test executed for the given time.</doc>
<arguments>
<arg>1</arg>
</arguments>
<msg timestamp="20201028 15:24:51.534" level="INFO">Slept 1 second</msg>
<status status="PASS" starttime="20201028 15:24:50.523" endtime="20201028 15:24:51.535"></status>
</kw>
<kw name="Select Checkbox" library="Selenium2Library">
<doc>Selects the checkbox identified by ``locator``.</doc>
<arguments>
<arg>project1</arg>
</arguments>
<msg timestamp="20201028 15:24:51.537" level="INFO">Selecting checkbox 'project1'.</msg>
<status status="PASS" starttime="20201028 15:24:51.536" endtime="20201028 15:24:51.653"></status>
</kw>
<kw name="Sleep" library="BuiltIn">
<doc>Pauses the test executed for the given time.</doc>
<arguments>
<arg>1</arg>
</arguments>
<msg timestamp="20201028 15:24:52.660" level="INFO">Slept 1 second</msg>
<status status="PASS" starttime="20201028 15:24:51.654" endtime="20201028 15:24:52.662"></status>
</kw>
<kw name="Click Button" library="Selenium2Library">
<doc>Clicks the button identified by ``locator``.</doc>
<arguments>
<arg>Ok</arg>
</arguments>
<msg timestamp="20201028 15:24:52.665" level="INFO">Clicking button 'Ok'.</msg>
<status status="PASS" starttime="20201028 15:24:52.663" endtime="20201028 15:24:52.794"></status>
</kw>
<kw name="Click Button" library="Selenium2Library">
<doc>Clicks the button identified by ``locator``.</doc>
<arguments>
<arg>effort_time${DailyDate}1</arg>
</arguments>
<msg timestamp="20201028 15:24:52.795" level="INFO">Clicking button 'effort_time22-Oct-20201'.</msg>
<status status="PASS" starttime="20201028 15:24:52.795" endtime="20201028 15:24:52.923"></status>
</kw>
<kw name="Sleep" library="BuiltIn">
<doc>Pauses the test executed for the given time.</doc>
<arguments>
<arg>1</arg>
</arguments>
<msg timestamp="20201028 15:24:53.941" level="INFO">Slept 1 second</msg>
<status status="PASS" starttime="20201028 15:24:52.924" endtime="20201028 15:24:53.941"></status>
</kw>
<kw name="Double Click Element" library="Selenium2Library">
<doc>Double clicks the element identified by ``locator``.</doc>
<arguments>
<arg>//*[@id="ui-timepicker-div"]/table/tbody/tr/td[1]/table/tbody/tr[2]/td[3]/a</arg>
</arguments>
<msg timestamp="20201028 15:24:53.944" level="INFO">Double clicking element '//*[@id="ui-timepicker-div"]/table/tbody/tr/td[1]/table/tbody/tr[2]/td[3]/a'.</msg>
<status status="PASS" starttime="20201028 15:24:53.942" endtime="20201028 15:24:54.275"></status>
</kw>
<kw name="Sleep" library="BuiltIn">
<doc>Pauses the test executed for the given time.</doc>
<arguments>
<arg>1</arg>
</arguments>
<msg timestamp="20201028 15:24:55.283" level="INFO">Slept 1 second</msg>
<status status="PASS" starttime="20201028 15:24:54.276" endtime="20201028 15:24:55.284"></status>
</kw>
<kw name="Click Button" library="Selenium2Library">
<doc>Clicks the button identified by ``locator``.</doc>
<arguments>
<arg>Save</arg>
</arguments>
<msg timestamp="20201028 15:24:55.288" level="INFO">Clicking button 'Save'.</msg>
<status status="PASS" starttime="20201028 15:24:55.285" endtime="20201028 15:24:56.198"></status>
</kw>
<kw name="Capture Page Screenshot" library="Selenium2Library">
<doc>Takes a screenshot of the current page and embeds it into a log file.</doc>
<arguments>
<arg>${test name}_${username}_${DailyDate}_Save.png</arg>
</arguments>
<msg timestamp="20201028 15:24:56.829" level="INFO" html="yes">&lt;/td&gt;&lt;/tr&gt;&lt;tr&gt;&lt;td colspan="3"&gt;&lt;a href="../../Desktop/RobotFrameworkScreenshots/LoginTest%203417WorkingDaysProjectTask/LoginTest%20WorkingDays_supraja.ramanujam%40sqs.com_22-Oct-2020_Save.png"&gt;&lt;img src="../../Desktop/RobotFrameworkScreenshots/LoginTest%203417WorkingDaysProjectTask/LoginTest%20WorkingDays_supraja.ramanujam%40sqs.com_22-Oct-2020_Save.png" width="800px"&gt;&lt;/a&gt;</msg>
<status status="PASS" starttime="20201028 15:24:56.199" endtime="20201028 15:24:56.830"></status>
</kw>
<kw name="Sleep" library="BuiltIn">
<doc>Pauses the test executed for the given time.</doc>
<arguments>
<arg>1</arg>
</arguments>
<msg timestamp="20201028 15:24:57.833" level="INFO">Slept 1 second</msg>
<status status="PASS" starttime="20201028 15:24:56.830" endtime="20201028 15:24:57.834"></status>
</kw>
<status status="PASS" starttime="20201028 15:24:42.270" endtime="20201028 15:24:57.834"></status>
</kw>
<kw name="${DailyDate} = 23-Oct-2020" type="foritem">
<kw name="Log" library="BuiltIn">
<doc>Logs the given message with the given level.</doc>
<arguments>
<arg>${DailyDate}</arg>
</arguments>
<msg timestamp="20201028 15:24:57.836" level="INFO">23-Oct-2020</msg>
<status status="PASS" starttime="20201028 15:24:57.836" endtime="20201028 15:24:57.837"></status>
</kw>
<kw name="Sleep" library="BuiltIn">
<doc>Pauses the test executed for the given time.</doc>
<arguments>
<arg>2</arg>
</arguments>
<msg timestamp="20201028 15:24:59.850" level="INFO">Slept 2 seconds</msg>
<status status="PASS" starttime="20201028 15:24:57.837" endtime="20201028 15:24:59.851"></status>
</kw>
<kw name="Input Text" library="Selenium2Library">
<doc>Types the given ``text`` into the text field identified by ``locator``.</doc>
<arguments>
<arg>id=selected_date</arg>
<arg>${DailyDate}</arg>
</arguments>
<msg timestamp="20201028 15:24:59.856" level="INFO">Typing text '23-Oct-2020' into text field 'id=selected_date'.</msg>
<status status="PASS" starttime="20201028 15:24:59.853" endtime="20201028 15:25:00.152"></status>
</kw>
<kw name="Sleep" library="BuiltIn">
<doc>Pauses the test executed for the given time.</doc>
<arguments>
<arg>1</arg>
</arguments>
<msg timestamp="20201028 15:25:01.164" level="INFO">Slept 1 second</msg>
<status status="PASS" starttime="20201028 15:25:00.153" endtime="20201028 15:25:01.165"></status>
</kw>
<kw name="Press Keys" library="Selenium2Library">
<doc>Simulates the user pressing key(s) to an element or on the active browser.</doc>
<arguments>
<arg>id=selected_date</arg>
<arg>ENTER</arg>
</arguments>
<msg timestamp="20201028 15:25:01.169" level="INFO">Sending key(s) ('ENTER',) to id=selected_date element.</msg>
<msg timestamp="20201028 15:25:01.509" level="INFO">Pressing special key ENTER to element.</msg>
<msg timestamp="20201028 15:25:01.511" level="INFO">Releasing special key ENTER.</msg>
<status status="PASS" starttime="20201028 15:25:01.167" endtime="20201028 15:25:02.409"></status>
</kw>
<kw name="Sleep" library="BuiltIn">
<doc>Pauses the test executed for the given time.</doc>
<arguments>
<arg>3</arg>
</arguments>
<msg timestamp="20201028 15:25:05.425" level="INFO">Slept 3 seconds</msg>
<status status="PASS" starttime="20201028 15:25:02.409" endtime="20201028 15:25:05.425"></status>
</kw>
<kw name="Click Image" library="Selenium2Library">
<doc>Clicks an image identified by ``locator``.</doc>
<arguments>
<arg>/static/css/images/icon_addlink.gif</arg>
</arguments>
<msg timestamp="20201028 15:25:05.427" level="INFO">Clicking image '/static/css/images/icon_addlink.gif'.</msg>
<status status="PASS" starttime="20201028 15:25:05.426" endtime="20201028 15:25:06.168"></status>
</kw>
<kw name="Click Button" library="Selenium2Library">
<doc>Clicks the button identified by ``locator``.</doc>
<arguments>
<arg>id=dproject_task</arg>
</arguments>
<msg timestamp="20201028 15:25:06.170" level="INFO">Clicking button 'id=dproject_task'.</msg>
<status status="PASS" starttime="20201028 15:25:06.169" endtime="20201028 15:25:06.265"></status>
</kw>
<kw name="Sleep" library="BuiltIn">
<doc>Pauses the test executed for the given time.</doc>
<arguments>
<arg>1</arg>
</arguments>
<msg timestamp="20201028 15:25:07.276" level="INFO">Slept 1 second</msg>
<status status="PASS" starttime="20201028 15:25:06.266" endtime="20201028 15:25:07.276"></status>
</kw>
<kw name="Select Checkbox" library="Selenium2Library">
<doc>Selects the checkbox identified by ``locator``.</doc>
<arguments>
<arg>project1</arg>
</arguments>
<msg timestamp="20201028 15:25:07.278" level="INFO">Selecting checkbox 'project1'.</msg>
<status status="PASS" starttime="20201028 15:25:07.277" endtime="20201028 15:25:07.378"></status>
</kw>
<kw name="Sleep" library="BuiltIn">
<doc>Pauses the test executed for the given time.</doc>
<arguments>
<arg>1</arg>
</arguments>
<msg timestamp="20201028 15:25:08.387" level="INFO">Slept 1 second</msg>
<status status="PASS" starttime="20201028 15:25:07.379" endtime="20201028 15:25:08.388"></status>
</kw>
<kw name="Click Button" library="Selenium2Library">
<doc>Clicks the button identified by ``locator``.</doc>
<arguments>
<arg>Ok</arg>
</arguments>
<msg timestamp="20201028 15:25:08.392" level="INFO">Clicking button 'Ok'.</msg>
<status status="PASS" starttime="20201028 15:25:08.390" endtime="20201028 15:25:08.522"></status>
</kw>
<kw name="Click Button" library="Selenium2Library">
<doc>Clicks the button identified by ``locator``.</doc>
<arguments>
<arg>effort_time${DailyDate}1</arg>
</arguments>
<msg timestamp="20201028 15:25:08.523" level="INFO">Clicking button 'effort_time23-Oct-20201'.</msg>
<status status="PASS" starttime="20201028 15:25:08.522" endtime="20201028 15:25:08.648"></status>
</kw>
<kw name="Sleep" library="BuiltIn">
<doc>Pauses the test executed for the given time.</doc>
<arguments>
<arg>1</arg>
</arguments>
<msg timestamp="20201028 15:25:09.656" level="INFO">Slept 1 second</msg>
<status status="PASS" starttime="20201028 15:25:08.649" endtime="20201028 15:25:09.657"></status>
</kw>
<kw name="Double Click Element" library="Selenium2Library">
<doc>Double clicks the element identified by ``locator``.</doc>
<arguments>
<arg>//*[@id="ui-timepicker-div"]/table/tbody/tr/td[1]/table/tbody/tr[2]/td[3]/a</arg>
</arguments>
<msg timestamp="20201028 15:25:09.658" level="INFO">Double clicking element '//*[@id="ui-timepicker-div"]/table/tbody/tr/td[1]/table/tbody/tr[2]/td[3]/a'.</msg>
<status status="PASS" starttime="20201028 15:25:09.657" endtime="20201028 15:25:09.998"></status>
</kw>
<kw name="Sleep" library="BuiltIn">
<doc>Pauses the test executed for the given time.</doc>
<arguments>
<arg>1</arg>
</arguments>
<msg timestamp="20201028 15:25:11.010" level="INFO">Slept 1 second</msg>
<status status="PASS" starttime="20201028 15:25:09.999" endtime="20201028 15:25:11.011"></status>
</kw>
<kw name="Click Button" library="Selenium2Library">
<doc>Clicks the button identified by ``locator``.</doc>
<arguments>
<arg>Save</arg>
</arguments>
<msg timestamp="20201028 15:25:11.015" level="INFO">Clicking button 'Save'.</msg>
<status status="PASS" starttime="20201028 15:25:11.013" endtime="20201028 15:25:14.827"></status>
</kw>
<kw name="Capture Page Screenshot" library="Selenium2Library">
<doc>Takes a screenshot of the current page and embeds it into a log file.</doc>
<arguments>
<arg>${test name}_${username}_${DailyDate}_Save.png</arg>
</arguments>
<msg timestamp="20201028 15:25:15.179" level="INFO" html="yes">&lt;/td&gt;&lt;/tr&gt;&lt;tr&gt;&lt;td colspan="3"&gt;&lt;a href="../../Desktop/RobotFrameworkScreenshots/LoginTest%203417WorkingDaysProjectTask/LoginTest%20WorkingDays_supraja.ramanujam%40sqs.com_23-Oct-2020_Save.png"&gt;&lt;img src="../../Desktop/RobotFrameworkScreenshots/LoginTest%203417WorkingDaysProjectTask/LoginTest%20WorkingDays_supraja.ramanujam%40sqs.com_23-Oct-2020_Save.png" width="800px"&gt;&lt;/a&gt;</msg>
<status status="PASS" starttime="20201028 15:25:14.828" endtime="20201028 15:25:15.180"></status>
</kw>
<kw name="Sleep" library="BuiltIn">
<doc>Pauses the test executed for the given time.</doc>
<arguments>
<arg>1</arg>
</arguments>
<msg timestamp="20201028 15:25:16.185" level="INFO">Slept 1 second</msg>
<status status="PASS" starttime="20201028 15:25:15.181" endtime="20201028 15:25:16.186"></status>
</kw>
<status status="PASS" starttime="20201028 15:24:57.835" endtime="20201028 15:25:16.187"></status>
</kw>
<status status="PASS" starttime="20201028 15:24:26.248" endtime="20201028 15:25:16.188"></status>
</kw>
<kw name="Click Link" library="Selenium2Library">
<doc>Clicks a link identified by ``locator``.</doc>
<arguments>
<arg>/tsuser/logout/</arg>
</arguments>
<msg timestamp="20201028 15:25:16.191" level="INFO">Clicking link '/tsuser/logout/'.</msg>
<status status="PASS" starttime="20201028 15:25:16.189" endtime="20201028 15:25:16.514"></status>
</kw>
<kw name="Close Browser" library="Selenium2Library">
<doc>Closes the current browser.</doc>
<status status="PASS" starttime="20201028 15:25:16.515" endtime="20201028 15:25:19.052"></status>
</kw>
<status status="PASS" starttime="20201028 15:24:18.152" endtime="20201028 15:25:19.053"></status>
</kw>
<status status="PASS" starttime="20201028 15:24:18.148" endtime="20201028 15:25:19.055" critical="yes"></status>
</test>
<status status="PASS" starttime="20201028 15:24:18.136" endtime="20201028 15:25:19.058"></status>
</suite>
<status status="PASS" starttime="20201028 15:21:43.030" endtime="20201028 15:25:19.068"></status>
</suite>
<status status="PASS" starttime="20201028 15:21:42.984" endtime="20201028 15:25:19.073"></status>
</suite>
<statistics>
<total>
<stat pass="3" fail="0">Critical Tests</stat>
<stat pass="3" fail="0">All Tests</stat>
</total>
<tag>
</tag>
<suite>
<stat pass="3" fail="0" id="s1" name="RobotExpleoTimesheet">RobotExpleoTimesheet</stat>
<stat pass="3" fail="0" id="s1-s1" name="Testcases">RobotExpleoTimesheet.Testcases</stat>
<stat pass="1" fail="0" id="s1-s1-s1" name="Holidays">RobotExpleoTimesheet.Testcases.Holidays</stat>
<stat pass="1" fail="0" id="s1-s1-s2" name="TG1791WorkingDaysProjectTask">RobotExpleoTimesheet.Testcases.TG1791WorkingDaysProjectTask</stat>
<stat pass="1" fail="0" id="s1-s1-s3" name="TG3417WorkingDaysProjectTask">RobotExpleoTimesheet.Testcases.TG3417WorkingDaysProjectTask</stat>
</suite>
</statistics>
<errors>
</errors>
</robot>
